Using pre-set license
Built from '2020.3/staging' branch; Version is '2020.3.23f1 (c5d91304a876) revision 12966163'; Using compiler version '192528614'; Build Type 'Release'
OS: 'Windows 10 Home; OS build 22000.318; Version 2009; 64bit' Language: 'en' Physical Memory: 15720 MB
BatchMode: 1, IsHumanControllingUs: 0, StartBugReporterOnCrash: 0, Is64bit: 1, IsPro: 0

COMMAND LINE ARGUMENTS:
C:\Program Files\Unity\Hub\Editor\2020.3.23f1\Editor\Unity.exe
-adb2
-batchMode
-noUpm
-name
AssetImportWorker0
-projectPath
C:/Users/mr_ra/Unity/unityArchery
-logFile
Logs/AssetImportWorker0.log
-srvPort
49776
Successfully changed project path to: C:/Users/mr_ra/Unity/unityArchery
C:/Users/mr_ra/Unity/unityArchery
Using Asset Import Pipeline V2.
Refreshing native plugins compatible for Editor in 40.03 ms, found 2 plugins.
Preloading 0 native plugins for Editor in 0.00 ms.
Initialize engine version: 2020.3.23f1 (c5d91304a876)
[Subsystems] Discovering subsystems at path C:/Program Files/Unity/Hub/Editor/2020.3.23f1/Editor/Data/Resources/UnitySubsystems
[Subsystems] Discovering subsystems at path C:/Users/mr_ra/Unity/unityArchery/Assets
GfxDevice: creating device client; threaded=0
Direct3D:
    Version:  Direct3D 11.0 [level 11.1]
    Renderer: NVIDIA GeForce RTX 3060 Laptop GPU (ID=0x2560)
    Vendor:   
    VRAM:     6023 MB
    Driver:   30.0.14.7239
Initialize mono
Mono path[0] = 'C:/Program Files/Unity/Hub/Editor/2020.3.23f1/Editor/Data/Managed'
Mono path[1] = 'C:/Program Files/Unity/Hub/Editor/2020.3.23f1/Editor/Data/MonoBleedingEdge/lib/mono/unityjit'
Mono config path = 'C:/Program Files/Unity/Hub/Editor/2020.3.23f1/Editor/Data/MonoBleedingEdge/etc'
Using monoOptions --debugger-agent=transport=dt_socket,embedding=1,server=y,suspend=n,address=127.0.0.1:56884
Begin MonoManager ReloadAssembly
Registering precompiled unity dll's ...
Register platform support module: C:/Program Files/Unity/Hub/Editor/2020.3.23f1/Editor/Data/PlaybackEngines/WebGLSupport/UnityEditor.WebGL.Extensions.dll
Register platform support module: C:/Program Files/Unity/Hub/Editor/2020.3.23f1/Editor/Data/PlaybackEngines/WindowsStandaloneSupport/UnityEditor.WindowsStandalone.Extensions.dll
Registered in 0.153065 seconds.
Native extension for WindowsStandalone target not found
Native extension for WebGL target not found
Refreshing native plugins compatible for Editor in 39.62 ms, found 2 plugins.
Preloading 0 native plugins for Editor in 0.00 ms.
Mono: successfully reloaded assembly
- Completed reload, in  2.631 seconds
Domain Reload Profiling:
	ReloadAssembly (2631ms)
		BeginReloadAssembly (1768ms)
			ExecutionOrderSort (0ms)
			DisableScriptedObjects (0ms)
			BackupInstance (0ms)
			ReleaseScriptingObjects (0ms)
			CreateAndSetChildDomain (1ms)
		EndReloadAssembly (601ms)
			LoadAssemblies (1772ms)
			RebuildTransferFunctionScriptingTraits (0ms)
			SetupTypeCache (288ms)
			ReleaseScriptCaches (0ms)
			RebuildScriptCaches (20ms)
			SetupLoadedEditorAssemblies (215ms)
				LogAssemblyErrors (0ms)
				InitializePlatformSupportModulesInManaged (4ms)
				SetLoadedEditorAssemblies (0ms)
				RefreshPlugins (40ms)
				BeforeProcessingInitializeOnLoad (88ms)
				ProcessInitializeOnLoadAttributes (58ms)
				ProcessInitializeOnLoadMethodAttributes (25ms)
				AfterProcessingInitializeOnLoad (0ms)
				EditorAssembliesLoaded (0ms)
			ExecutionOrderSort2 (0ms)
			AwakeInstancesAfterBackupRestoration (0ms)
Platform modules already initialized, skipping
Registering precompiled user dll's ...
Registered in 0.445829 seconds.
Begin MonoManager ReloadAssembly
Native extension for WindowsStandalone target not found
Native extension for WebGL target not found
Refreshing native plugins compatible for Editor in 39.66 ms, found 2 plugins.
Preloading 0 native plugins for Editor in 0.00 ms.
Mono: successfully reloaded assembly
- Completed reload, in  3.119 seconds
Domain Reload Profiling:
	ReloadAssembly (3124ms)
		BeginReloadAssembly (96ms)
			ExecutionOrderSort (0ms)
			DisableScriptedObjects (3ms)
			BackupInstance (0ms)
			ReleaseScriptingObjects (0ms)
			CreateAndSetChildDomain (15ms)
		EndReloadAssembly (2985ms)
			LoadAssemblies (1422ms)
			RebuildTransferFunctionScriptingTraits (0ms)
			SetupTypeCache (667ms)
			ReleaseScriptCaches (1ms)
			RebuildScriptCaches (33ms)
			SetupLoadedEditorAssemblies (770ms)
				LogAssemblyErrors (0ms)
				InitializePlatformSupportModulesInManaged (3ms)
				SetLoadedEditorAssemblies (0ms)
				RefreshPlugins (40ms)
				BeforeProcessingInitializeOnLoad (66ms)
				ProcessInitializeOnLoadAttributes (249ms)
				ProcessInitializeOnLoadMethodAttributes (408ms)
				AfterProcessingInitializeOnLoad (3ms)
				EditorAssembliesLoaded (0ms)
			ExecutionOrderSort2 (0ms)
			AwakeInstancesAfterBackupRestoration (6ms)
Platform modules already initialized, skipping
========================================================================
Worker process is ready to serve import requests
Launched and connected shader compiler UnityShaderCompiler.exe after 0.07 seconds
Refreshing native plugins compatible for Editor in 0.54 ms, found 2 plugins.
Preloading 0 native plugins for Editor in 0.00 ms.
Unloading 2812 Unused Serialized files (Serialized files now loaded: 0)
System memory in use before: 126.2 MB.
System memory in use after: 126.4 MB.

Unloading 20 unused Assets to reduce memory usage. Loaded Objects now: 3245.
Total: 2.780200 ms (FindLiveObjects: 0.228500 ms CreateObjectMapping: 0.075200 ms MarkObjects: 2.410000 ms  DeleteObjects: 0.065500 ms)

AssetImportParameters requested are different than current active one (requested -> active):
  custom:framework-win-MediaFoundation: 216162199b28c13a410421893ffa2e32 -> 
  custom:video-decoder-ogg-theora: a1e56fd34408186e4bbccfd4996cb3dc -> 
  custom:container-muxer-webm: aa71ff27fc2769a1b78a27578f13a17b -> 
  custom:container-demuxer-webm: 4f35f7cbe854078d1ac9338744f61a02 -> 
  custom:container-demuxer-ogg: 62fdf1f143b41e24485cea50d1cbac27 -> 
  custom:video-encoder-webm-vp8: eb34c28f22e8b96e1ab97ce403110664 -> 
  custom:video-codec-MediaFoundation-h265: 746d11721c4dcdbdad8f713fa42b33f4 -> 
  custom:video-decoder-webm-vp8: 9c59270c3fd7afecdb556c50c9e8de78 -> 
  custom:audio-decoder-ogg-vorbis: bf7c407c2cedff20999df2af8eb42d56 -> 
  custom:audio-encoder-webm-vorbis: bf7c407c2cedff20999df2af8eb42d56 -> 
========================================================================
Received Import Request.
  path: Assets/prefabs/Roof.mat
  artifactKey: Guid(8337a8d98ddb9cb49a61909aa15cee6a) Importer(815301076,1909f56bfc062723c751e8b465ee728b)
Start importing Assets/prefabs/Roof.mat using Guid(8337a8d98ddb9cb49a61909aa15cee6a) Importer(815301076,1909f56bfc062723c751e8b465ee728b)  -> (artifact id: '093741711e741b1014b4df08bcb7332a') in 0.169086 seconds 
  Import took 0.173343 seconds .

========================================================================
Received Import Request.
  Time since last request: 0.000184 seconds.
  path: Assets/prefabs/Grip.mat
  artifactKey: Guid(e2b95717f5f41814ab7531c3a81861e4) Importer(815301076,1909f56bfc062723c751e8b465ee728b)
Start importing Assets/prefabs/Grip.mat using Guid(e2b95717f5f41814ab7531c3a81861e4) Importer(815301076,1909f56bfc062723c751e8b465ee728b)  -> (artifact id: 'b459d12d6601ff36d099ccfff93137ca') in 0.017292 seconds 
  Import took 0.021189 seconds .

========================================================================
Received Import Request.
  Time since last request: 0.000142 seconds.
  path: Assets/prefabs/arrow.prefab
  artifactKey: Guid(bc252113f54f4eb4682f88ddff3e08f2) Importer(815301076,1909f56bfc062723c751e8b465ee728b)
Start importing Assets/prefabs/arrow.prefab using Guid(bc252113f54f4eb4682f88ddff3e08f2) Importer(815301076,1909f56bfc062723c751e8b465ee728b)  -> (artifact id: 'c508f4c863350e6afa70f483fc2d76f3') in 0.368285 seconds 
  Import took 0.372797 seconds .

========================================================================
Received Import Request.
  Time since last request: 0.000155 seconds.
  path: Assets/prefabs/RockManPrefab.prefab
  artifactKey: Guid(d07c8e2736d520c43b2de116bae83413) Importer(815301076,1909f56bfc062723c751e8b465ee728b)
Start importing Assets/prefabs/RockManPrefab.prefab using Guid(d07c8e2736d520c43b2de116bae83413) Importer(815301076,1909f56bfc062723c751e8b465ee728b)  -> (artifact id: 'd8d51509aeb9015d70d8d63593d0ce22') in 0.038453 seconds 
  Import took 0.043312 seconds .

========================================================================
Received Import Request.
  Time since last request: 0.000152 seconds.
  path: Assets/prefabs/String.mat
  artifactKey: Guid(a3b15643adaf4264b98974882b3c4484) Importer(815301076,1909f56bfc062723c751e8b465ee728b)
Start importing Assets/prefabs/String.mat using Guid(a3b15643adaf4264b98974882b3c4484) Importer(815301076,1909f56bfc062723c751e8b465ee728b)  -> (artifact id: 'be48537b4f042adbde0f7c9f8b45f260') in 0.012464 seconds 
  Import took 0.016575 seconds .

========================================================================
Received Import Request.
  Time since last request: 0.000152 seconds.
  path: Assets/prefabs/celling.mat
  artifactKey: Guid(3e6d3f1cdddab6c4a92a8ed938acb846) Importer(815301076,1909f56bfc062723c751e8b465ee728b)
Start importing Assets/prefabs/celling.mat using Guid(3e6d3f1cdddab6c4a92a8ed938acb846) Importer(815301076,1909f56bfc062723c751e8b465ee728b)  -> (artifact id: '85666826369bd82c8f11acf110e55b79') in 0.014381 seconds 
  Import took 0.018266 seconds .

========================================================================
Received Import Request.
  Time since last request: 0.000150 seconds.
  path: Assets/prefabs/rockMan.blend
  artifactKey: Guid(2f19bd370a06efa488692e7b07d17ad8) Importer(815301076,1909f56bfc062723c751e8b465ee728b)
Start importing Assets/prefabs/rockMan.blend using Guid(2f19bd370a06efa488692e7b07d17ad8) Importer(815301076,1909f56bfc062723c751e8b465ee728b)  -> (artifact id: '7fba1aef538c567d0f2983e3d1a316d7') in 0.188990 seconds 
  Import took 0.193425 seconds .

========================================================================
Received Import Request.
  Time since last request: 0.000171 seconds.
  path: Assets/prefabs/bodyDouble.prefab
  artifactKey: Guid(9bb9d129e1fb0fc4bb425cae2c18bd63) Importer(815301076,1909f56bfc062723c751e8b465ee728b)
Start importing Assets/prefabs/bodyDouble.prefab using Guid(9bb9d129e1fb0fc4bb425cae2c18bd63) Importer(815301076,1909f56bfc062723c751e8b465ee728b)  -> (artifact id: '02199019cd031f32d82f93f1eee5ccef') in 0.019485 seconds 
  Import took 0.024326 seconds .

========================================================================
Received Import Request.
  Time since last request: 0.000141 seconds.
  path: Assets/prefabs/M_Bow.mat
  artifactKey: Guid(70cacbe24e50fc34287bc039a976e486) Importer(815301076,1909f56bfc062723c751e8b465ee728b)
Start importing Assets/prefabs/M_Bow.mat using Guid(70cacbe24e50fc34287bc039a976e486) Importer(815301076,1909f56bfc062723c751e8b465ee728b)  -> (artifact id: 'c6fd7718bc6ed8b0b158da8e0dc538eb') in 0.013302 seconds 
  Import took 0.017133 seconds .

========================================================================
Received Import Request.
  Time since last request: 0.000166 seconds.
  path: Assets/prefabs/M_Bow_2.mat
  artifactKey: Guid(c9f0d69a1ba18654fa0f86e444516c2e) Importer(815301076,1909f56bfc062723c751e8b465ee728b)
Start importing Assets/prefabs/M_Bow_2.mat using Guid(c9f0d69a1ba18654fa0f86e444516c2e) Importer(815301076,1909f56bfc062723c751e8b465ee728b)  -> (artifact id: '3232ce723205eaeec0da3a619a9aeca8') in 0.013821 seconds 
  Import took 0.017920 seconds .

========================================================================
Received Import Request.
  Time since last request: 0.000143 seconds.
  path: Assets/prefabs/tower.blend
  artifactKey: Guid(2b26cddb5fc66754ba46e50d8823c984) Importer(815301076,1909f56bfc062723c751e8b465ee728b)
Start importing Assets/prefabs/tower.blend using Guid(2b26cddb5fc66754ba46e50d8823c984) Importer(815301076,1909f56bfc062723c751e8b465ee728b)  -> (artifact id: 'ebd78e56ca0e9329a9bf40929b2a2e78') in 0.023141 seconds 
  Import took 0.027460 seconds .

========================================================================
Received Import Request.
  Time since last request: 0.000175 seconds.
  path: Assets/prefabs/ball.prefab
  artifactKey: Guid(20e6a5120f2645241a7f9c3715505efe) Importer(815301076,1909f56bfc062723c751e8b465ee728b)
Start importing Assets/prefabs/ball.prefab using Guid(20e6a5120f2645241a7f9c3715505efe) Importer(815301076,1909f56bfc062723c751e8b465ee728b)  -> (artifact id: '216f76c0594326a0bf9e409f910ca274') in 0.012251 seconds 
  Import took 0.016161 seconds .

========================================================================
Received Import Request.
  Time since last request: 0.000158 seconds.
  path: Assets/prefabs/Bow17.blend
  artifactKey: Guid(bd7ccf8b5a5187445bf8c0cc102a68d6) Importer(815301076,1909f56bfc062723c751e8b465ee728b)
Start importing Assets/prefabs/Bow17.blend using Guid(bd7ccf8b5a5187445bf8c0cc102a68d6) Importer(815301076,1909f56bfc062723c751e8b465ee728b)  -> (artifact id: 'd9ceda7b0b99782e04ed162d639b7352') in 0.036451 seconds 
  Import took 0.040862 seconds .

========================================================================
Received Import Request.
  Time since last request: 0.000144 seconds.
  path: Assets/prefabs/Bow18 (1) Variant.prefab
  artifactKey: Guid(92aafa764b5fcdb4ba95e04139fe6306) Importer(815301076,1909f56bfc062723c751e8b465ee728b)
Start importing Assets/prefabs/Bow18 (1) Variant.prefab using Guid(92aafa764b5fcdb4ba95e04139fe6306) Importer(815301076,1909f56bfc062723c751e8b465ee728b)  -> (artifact id: '62c548c5f4e6a47a94d0a71a6c9ac427') in 0.022315 seconds 
  Import took 0.026367 seconds .

========================================================================
Received Import Request.
  Time since last request: 0.000141 seconds.
  path: Assets/prefabs/Edge.mat
  artifactKey: Guid(65888820345854a47b9c6d8e626d31b8) Importer(815301076,1909f56bfc062723c751e8b465ee728b)
Start importing Assets/prefabs/Edge.mat using Guid(65888820345854a47b9c6d8e626d31b8) Importer(815301076,1909f56bfc062723c751e8b465ee728b)  -> (artifact id: 'ba36f278af38919e9add2dc903a9b03e') in 0.011969 seconds 
  Import took 0.016029 seconds .

========================================================================
Received Import Request.
  Time since last request: 0.000154 seconds.
  path: Assets/prefabs/Posts.mat
  artifactKey: Guid(aa4fd55dd9fca63468dfd5816997ceac) Importer(815301076,1909f56bfc062723c751e8b465ee728b)
Start importing Assets/prefabs/Posts.mat using Guid(aa4fd55dd9fca63468dfd5816997ceac) Importer(815301076,1909f56bfc062723c751e8b465ee728b)  -> (artifact id: 'f3e39a3eeec6cb11b0e822949214bd43') in 0.012186 seconds 
  Import took 0.016355 seconds .

========================================================================
Received Import Request.
  Time since last request: 0.000132 seconds.
  path: Assets/prefabs/M_Bow_3.mat
  artifactKey: Guid(013704488a8ad9b418b035470b85d0a1) Importer(815301076,1909f56bfc062723c751e8b465ee728b)
Start importing Assets/prefabs/M_Bow_3.mat using Guid(013704488a8ad9b418b035470b85d0a1) Importer(815301076,1909f56bfc062723c751e8b465ee728b)  -> (artifact id: '2a0c9e4c24dea8edeaaa79420e81c91c') in 0.012429 seconds 
  Import took 0.016637 seconds .

========================================================================
Received Import Request.
  Time since last request: 0.000158 seconds.
  path: Assets/prefabs/ragdolll.prefab
  artifactKey: Guid(498088516999c1a488127f9dbe274613) Importer(815301076,1909f56bfc062723c751e8b465ee728b)
Start importing Assets/prefabs/ragdolll.prefab using Guid(498088516999c1a488127f9dbe274613) Importer(815301076,1909f56bfc062723c751e8b465ee728b)  -> (artifact id: 'ee2299de0f4758e5f1c69affa5fa0415') in 0.020654 seconds 
  Import took 0.025938 seconds .

========================================================================
Received Import Request.
  Time since last request: 0.000144 seconds.
  path: Assets/prefabs/innerFloor.mat
  artifactKey: Guid(da148d6fc3269aa458a61edf95cb8d61) Importer(815301076,1909f56bfc062723c751e8b465ee728b)
Start importing Assets/prefabs/innerFloor.mat using Guid(da148d6fc3269aa458a61edf95cb8d61) Importer(815301076,1909f56bfc062723c751e8b465ee728b)  -> (artifact id: '75962917e88ed32d49adeb381150c3f9') in 0.011612 seconds 
  Import took 0.015879 seconds .

========================================================================
Received Import Request.
  Time since last request: 0.000160 seconds.
  path: Assets/prefabs/Enermyhit.prefab
  artifactKey: Guid(f88099c44d7aee245b53454bd1368640) Importer(815301076,1909f56bfc062723c751e8b465ee728b)
Start importing Assets/prefabs/Enermyhit.prefab using Guid(f88099c44d7aee245b53454bd1368640) Importer(815301076,1909f56bfc062723c751e8b465ee728b)  -> (artifact id: 'a8b55a5b8472a83ef9309e0c129551e6') in 0.020765 seconds 
  Import took 0.025081 seconds .

========================================================================
Received Import Request.
  Time since last request: 0.000140 seconds.
  path: Assets/prefabs/Bow18.blend
  artifactKey: Guid(5509dc8eb16fb5644bd5293cb6058cfc) Importer(815301076,1909f56bfc062723c751e8b465ee728b)
Start importing Assets/prefabs/Bow18.blend using Guid(5509dc8eb16fb5644bd5293cb6058cfc) Importer(815301076,1909f56bfc062723c751e8b465ee728b)  -> (artifact id: '3237747154eef512edf5252f3e17e8dc') in 0.024152 seconds 
  Import took 0.028412 seconds .

========================================================================
Received Import Request.
  Time since last request: 0.000154 seconds.
  path: Assets/prefabs/ragdolll 1.prefab
  artifactKey: Guid(5ba2009a8ec03a74bb5ec27082da348d) Importer(815301076,1909f56bfc062723c751e8b465ee728b)
Start importing Assets/prefabs/ragdolll 1.prefab using Guid(5ba2009a8ec03a74bb5ec27082da348d) Importer(815301076,1909f56bfc062723c751e8b465ee728b)  -> (artifact id: '619cb2fe8101d24c4fd2c6fd78fe7213') in 0.020030 seconds 
  Import took 0.025251 seconds .

========================================================================
Received Import Request.
  Time since last request: 15.072177 seconds.
  path: Assets/prefabs/walls.mat
  artifactKey: Guid(332eb1c3a8728d249b3dd160fc35dfc6) Importer(815301076,1909f56bfc062723c751e8b465ee728b)
Start importing Assets/prefabs/walls.mat using Guid(332eb1c3a8728d249b3dd160fc35dfc6) Importer(815301076,1909f56bfc062723c751e8b465ee728b)  -> (artifact id: '31cf43dc01904af43ab9e0c5f6c7103f') in 0.011560 seconds 
  Import took 0.015857 seconds .

========================================================================
Received Import Request.
  Time since last request: 4.460832 seconds.
  path: Assets/meshes/arrow.blend
  artifactKey: Guid(9156b968a2cebe549b80483a35d8b0b9) Importer(815301076,1909f56bfc062723c751e8b465ee728b)
Start importing Assets/meshes/arrow.blend using Guid(9156b968a2cebe549b80483a35d8b0b9) Importer(815301076,1909f56bfc062723c751e8b465ee728b)  -> (artifact id: 'f0c85bcd0130b4bf04c1894ca09de993') in 0.018243 seconds 
  Import took 0.022641 seconds .

========================================================================
Received Import Request.
  Time since last request: 0.000228 seconds.
  path: Assets/meshes/Knock.mat
  artifactKey: Guid(5ba8919fbfbeca24e95bf72cf7169bf5) Importer(815301076,1909f56bfc062723c751e8b465ee728b)
Start importing Assets/meshes/Knock.mat using Guid(5ba8919fbfbeca24e95bf72cf7169bf5) Importer(815301076,1909f56bfc062723c751e8b465ee728b)  -> (artifact id: '2bd8e5f5a1f759ed31d70a4cfa6a75ba') in 0.013606 seconds 
  Import took 0.017301 seconds .

========================================================================
Received Import Request.
  Time since last request: 0.000280 seconds.
  path: Assets/meshes/Shaft.mat
  artifactKey: Guid(e88235e99299ca3488bcd305ea7681ae) Importer(815301076,1909f56bfc062723c751e8b465ee728b)
Start importing Assets/meshes/Shaft.mat using Guid(e88235e99299ca3488bcd305ea7681ae) Importer(815301076,1909f56bfc062723c751e8b465ee728b)  -> (artifact id: 'c4fff234c9aac7da2d0c9b50b37cf581') in 0.013914 seconds 
  Import took 0.018581 seconds .

========================================================================
Received Import Request.
  Time since last request: 0.000169 seconds.
  path: Assets/meshes/Flight.mat
  artifactKey: Guid(03c67d4f5d2a24040b587916eadb4d01) Importer(815301076,1909f56bfc062723c751e8b465ee728b)
Start importing Assets/meshes/Flight.mat using Guid(03c67d4f5d2a24040b587916eadb4d01) Importer(815301076,1909f56bfc062723c751e8b465ee728b)  -> (artifact id: '96f3258099f85a10e722b5be04985283') in 0.019596 seconds 
  Import took 0.023532 seconds .

========================================================================
Received Import Request.
  Time since last request: 0.000172 seconds.
  path: Assets/meshes/catapult.blend
  artifactKey: Guid(167baee15a9b5da4ab21b185982e5cf6) Importer(815301076,1909f56bfc062723c751e8b465ee728b)
Start importing Assets/meshes/catapult.blend using Guid(167baee15a9b5da4ab21b185982e5cf6) Importer(815301076,1909f56bfc062723c751e8b465ee728b)  -> (artifact id: 'd6570372e0319b37c8926b40fed2c01c') in 0.039975 seconds 
  Import took 0.044263 seconds .

========================================================================
Received Import Request.
  Time since last request: 0.000167 seconds.
  path: Assets/meshes/head.mat
  artifactKey: Guid(9f45455ea5cdd4e4783447dca9d505a8) Importer(815301076,1909f56bfc062723c751e8b465ee728b)
Start importing Assets/meshes/head.mat using Guid(9f45455ea5cdd4e4783447dca9d505a8) Importer(815301076,1909f56bfc062723c751e8b465ee728b)  -> (artifact id: 'a2e288daa40010155c92ff5477b7a4c7') in 0.019531 seconds 
  Import took 0.023344 seconds .

========================================================================
Received Import Request.
  Time since last request: 0.000178 seconds.
  path: Assets/meshes/rock1.blend
  artifactKey: Guid(e60b8db931f99504692bfe729d880507) Importer(815301076,1909f56bfc062723c751e8b465ee728b)
Start importing Assets/meshes/rock1.blend using Guid(e60b8db931f99504692bfe729d880507) Importer(815301076,1909f56bfc062723c751e8b465ee728b)  -> (artifact id: '6579edfc63342e3dfbb813ee59a82aa8') in 0.016178 seconds 
  Import took 0.020201 seconds .

========================================================================
Received Import Request.
  Time since last request: 37.702168 seconds.
  path: Assets/meshes/catapult.blend
  artifactKey: Guid(167baee15a9b5da4ab21b185982e5cf6) Importer(815301076,1909f56bfc062723c751e8b465ee728b)
Start importing Assets/meshes/catapult.blend using Guid(167baee15a9b5da4ab21b185982e5cf6) Importer(815301076,1909f56bfc062723c751e8b465ee728b)  -> (artifact id: '2e0a64a7d788d296c901c33aec093bdc') in 0.030807 seconds 
  Import took 0.035231 seconds .

========================================================================
Received Import Request.
  Time since last request: 0.067559 seconds.
  path: Assets/meshes/Frame.mat
  artifactKey: Guid(2f1b156b7be7b1048a5fcf1729a1f279) Importer(815301076,1909f56bfc062723c751e8b465ee728b)
Start importing Assets/meshes/Frame.mat using Guid(2f1b156b7be7b1048a5fcf1729a1f279) Importer(815301076,1909f56bfc062723c751e8b465ee728b)  -> (artifact id: '98565a10c306029984b149af4a765cde') in 0.014664 seconds 
  Import took 0.019358 seconds .

========================================================================
Received Import Request.
  Time since last request: 0.000161 seconds.
  path: Assets/meshes/Wheels.mat
  artifactKey: Guid(0147b9860629cb741915ce1c1c50120d) Importer(815301076,1909f56bfc062723c751e8b465ee728b)
Start importing Assets/meshes/Wheels.mat using Guid(0147b9860629cb741915ce1c1c50120d) Importer(815301076,1909f56bfc062723c751e8b465ee728b)  -> (artifact id: '10be6ed73b37b543db0604940be52c05') in 0.013784 seconds 
  Import took 0.017874 seconds .

========================================================================
Received Import Request.
  Time since last request: 0.000149 seconds.
  path: Assets/meshes/leverArm.mat
  artifactKey: Guid(79d1d788485fc2b458f932898a92d324) Importer(815301076,1909f56bfc062723c751e8b465ee728b)
Start importing Assets/meshes/leverArm.mat using Guid(79d1d788485fc2b458f932898a92d324) Importer(815301076,1909f56bfc062723c751e8b465ee728b)  -> (artifact id: '086f44e3e6eaf123fba0e7a167ca9ce1') in 0.024417 seconds 
  Import took 0.028439 seconds .

========================================================================
Received Import Request.
  Time since last request: 287.031961 seconds.
  path: Assets/prefabs/catapult.prefab
  artifactKey: Guid(c29883c33a5e9d242aa19ae71e40e49b) Importer(815301076,1909f56bfc062723c751e8b465ee728b)
Start importing Assets/prefabs/catapult.prefab using Guid(c29883c33a5e9d242aa19ae71e40e49b) Importer(815301076,1909f56bfc062723c751e8b465ee728b)  -> (artifact id: 'cd82714993806529fd6a290a86d26451') in 0.016484 seconds 
  Import took 0.021162 seconds .

========================================================================
Received Prepare
Registering precompiled user dll's ...
Registered in 0.002827 seconds.
Begin MonoManager ReloadAssembly
Native extension for WindowsStandalone target not found
Native extension for WebGL target not found
Refreshing native plugins compatible for Editor in 0.61 ms, found 2 plugins.
Preloading 0 native plugins for Editor in 0.00 ms.
Mono: successfully reloaded assembly
- Completed reload, in  0.901 seconds
Domain Reload Profiling:
	ReloadAssembly (902ms)
		BeginReloadAssembly (105ms)
			ExecutionOrderSort (0ms)
			DisableScriptedObjects (5ms)
			BackupInstance (0ms)
			ReleaseScriptingObjects (0ms)
			CreateAndSetChildDomain (33ms)
		EndReloadAssembly (752ms)
			LoadAssemblies (65ms)
			RebuildTransferFunctionScriptingTraits (0ms)
			SetupTypeCache (243ms)
			ReleaseScriptCaches (1ms)
			RebuildScriptCaches (32ms)
			SetupLoadedEditorAssemblies (285ms)
				LogAssemblyErrors (0ms)
				InitializePlatformSupportModulesInManaged (4ms)
				SetLoadedEditorAssemblies (0ms)
				RefreshPlugins (1ms)
				BeforeProcessingInitializeOnLoad (85ms)
				ProcessInitializeOnLoadAttributes (182ms)
				ProcessInitializeOnLoadMethodAttributes (8ms)
				AfterProcessingInitializeOnLoad (4ms)
				EditorAssembliesLoaded (0ms)
			ExecutionOrderSort2 (0ms)
			AwakeInstancesAfterBackupRestoration (16ms)
Platform modules already initialized, skipping
Refreshing native plugins compatible for Editor in 0.66 ms, found 2 plugins.
Preloading 0 native plugins for Editor in 0.00 ms.
Unloading 2702 Unused Serialized files (Serialized files now loaded: 0)
System memory in use before: 139.0 MB.
System memory in use after: 139.3 MB.

Unloading 16 unused Assets to reduce memory usage. Loaded Objects now: 3330.
Total: 3.794000 ms (FindLiveObjects: 0.439000 ms CreateObjectMapping: 0.102000 ms MarkObjects: 3.203500 ms  DeleteObjects: 0.047500 ms)

AssetImportParameters requested are different than current active one (requested -> active):
  custom:framework-win-MediaFoundation: 216162199b28c13a410421893ffa2e32 -> 
  custom:video-decoder-ogg-theora: a1e56fd34408186e4bbccfd4996cb3dc -> 
  custom:container-muxer-webm: aa71ff27fc2769a1b78a27578f13a17b -> 
  custom:container-demuxer-webm: 4f35f7cbe854078d1ac9338744f61a02 -> 
  custom:container-demuxer-ogg: 62fdf1f143b41e24485cea50d1cbac27 -> 
  custom:video-encoder-webm-vp8: eb34c28f22e8b96e1ab97ce403110664 -> 
  custom:video-codec-MediaFoundation-h265: 746d11721c4dcdbdad8f713fa42b33f4 -> 
  custom:video-decoder-webm-vp8: 9c59270c3fd7afecdb556c50c9e8de78 -> 
  custom:audio-decoder-ogg-vorbis: bf7c407c2cedff20999df2af8eb42d56 -> 
  custom:audio-encoder-webm-vorbis: bf7c407c2cedff20999df2af8eb42d56 -> 
========================================================================
Received Import Request.
  Time since last request: 183.421000 seconds.
  path: Assets/prefabs/catapult.prefab
  artifactKey: Guid(c29883c33a5e9d242aa19ae71e40e49b) Importer(815301076,1909f56bfc062723c751e8b465ee728b)
Start importing Assets/prefabs/catapult.prefab using Guid(c29883c33a5e9d242aa19ae71e40e49b) Importer(815301076,1909f56bfc062723c751e8b465ee728b)  -> (artifact id: '06d968a1774ea968e3048149a44e57bb') in 0.155901 seconds 
  Import took 0.161513 seconds .

========================================================================
Received Import Request.
  Time since last request: 218.710969 seconds.
  path: Assets/meshes/catapult.blend
  artifactKey: Guid(167baee15a9b5da4ab21b185982e5cf6) Importer(815301076,1909f56bfc062723c751e8b465ee728b)
Start importing Assets/meshes/catapult.blend using Guid(167baee15a9b5da4ab21b185982e5cf6) Importer(815301076,1909f56bfc062723c751e8b465ee728b)  -> (artifact id: 'ab53d351a29f9ad9621c28573e6df869') in 0.043870 seconds 
  Import took 0.049720 seconds .

========================================================================
Received Import Request.
  Time since last request: 86.520916 seconds.
  path: Packages/com.unity.render-pipelines.universal/Shaders/Unity.RenderPipelines.Universal.Shaders.asmdef
  artifactKey: Guid(b4517ec124862cb4bb3b8b27d72843a6) Importer(815301076,1909f56bfc062723c751e8b465ee728b)
Start importing Packages/com.unity.render-pipelines.universal/Shaders/Unity.RenderPipelines.Universal.Shaders.asmdef using Guid(b4517ec124862cb4bb3b8b27d72843a6) Importer(815301076,1909f56bfc062723c751e8b465ee728b)  -> (artifact id: '6dcf4ccd8f62beca0655b25cff49bc89') in 0.007496 seconds 
  Import took 0.012128 seconds .

========================================================================
Received Import Request.
  Time since last request: 0.000162 seconds.
  path: Packages/com.unity.render-pipelines.universal/Shaders/Lit.shader
  artifactKey: Guid(933532a4fcc9baf4fa0491de14d08ed7) Importer(815301076,1909f56bfc062723c751e8b465ee728b)
Start importing Packages/com.unity.render-pipelines.universal/Shaders/Lit.shader using Guid(933532a4fcc9baf4fa0491de14d08ed7) Importer(815301076,1909f56bfc062723c751e8b465ee728b)  -> (artifact id: '0eeae28d93f341ce4f3f35d67ebb6364') in 0.007626 seconds 
  Import took 0.011401 seconds .

========================================================================
Received Prepare
Registering precompiled user dll's ...
Registered in 0.002797 seconds.
Begin MonoManager ReloadAssembly
Native extension for WindowsStandalone target not found
Native extension for WebGL target not found
Refreshing native plugins compatible for Editor in 0.61 ms, found 2 plugins.
Preloading 0 native plugins for Editor in 0.00 ms.
Mono: successfully reloaded assembly
- Completed reload, in  0.804 seconds
Domain Reload Profiling:
	ReloadAssembly (805ms)
		BeginReloadAssembly (100ms)
			ExecutionOrderSort (0ms)
			DisableScriptedObjects (5ms)
			BackupInstance (0ms)
			ReleaseScriptingObjects (0ms)
			CreateAndSetChildDomain (32ms)
		EndReloadAssembly (660ms)
			LoadAssemblies (61ms)
			RebuildTransferFunctionScriptingTraits (0ms)
			SetupTypeCache (226ms)
			ReleaseScriptCaches (1ms)
			RebuildScriptCaches (29ms)
			SetupLoadedEditorAssemblies (240ms)
				LogAssemblyErrors (0ms)
				InitializePlatformSupportModulesInManaged (4ms)
				SetLoadedEditorAssemblies (0ms)
				RefreshPlugins (1ms)
				BeforeProcessingInitializeOnLoad (75ms)
				ProcessInitializeOnLoadAttributes (149ms)
				ProcessInitializeOnLoadMethodAttributes (7ms)
				AfterProcessingInitializeOnLoad (3ms)
				EditorAssembliesLoaded (0ms)
			ExecutionOrderSort2 (0ms)
			AwakeInstancesAfterBackupRestoration (12ms)
Platform modules already initialized, skipping
Refreshing native plugins compatible for Editor in 0.56 ms, found 2 plugins.
Preloading 0 native plugins for Editor in 0.00 ms.
Unloading 2702 Unused Serialized files (Serialized files now loaded: 0)
System memory in use before: 139.2 MB.
System memory in use after: 139.4 MB.

Unloading 15 unused Assets to reduce memory usage. Loaded Objects now: 3368.
Total: 2.890500 ms (FindLiveObjects: 0.246300 ms CreateObjectMapping: 0.079500 ms MarkObjects: 2.547000 ms  DeleteObjects: 0.016800 ms)

AssetImportParameters requested are different than current active one (requested -> active):
  custom:framework-win-MediaFoundation: 216162199b28c13a410421893ffa2e32 -> 
  custom:video-decoder-ogg-theora: a1e56fd34408186e4bbccfd4996cb3dc -> 
  custom:container-muxer-webm: aa71ff27fc2769a1b78a27578f13a17b -> 
  custom:container-demuxer-webm: 4f35f7cbe854078d1ac9338744f61a02 -> 
  custom:container-demuxer-ogg: 62fdf1f143b41e24485cea50d1cbac27 -> 
  custom:video-encoder-webm-vp8: eb34c28f22e8b96e1ab97ce403110664 -> 
  custom:video-codec-MediaFoundation-h265: 746d11721c4dcdbdad8f713fa42b33f4 -> 
  custom:video-decoder-webm-vp8: 9c59270c3fd7afecdb556c50c9e8de78 -> 
  custom:audio-decoder-ogg-vorbis: bf7c407c2cedff20999df2af8eb42d56 -> 
  custom:audio-encoder-webm-vorbis: bf7c407c2cedff20999df2af8eb42d56 -> 
========================================================================
Received Import Request.
  Time since last request: 58.512048 seconds.
  path: Assets/prefabs/catapult.prefab
  artifactKey: Guid(c29883c33a5e9d242aa19ae71e40e49b) Importer(815301076,1909f56bfc062723c751e8b465ee728b)
Start importing Assets/prefabs/catapult.prefab using Guid(c29883c33a5e9d242aa19ae71e40e49b) Importer(815301076,1909f56bfc062723c751e8b465ee728b)  -> (artifact id: '1bd01c327247cba6ccea65cc762f7777') in 0.125645 seconds 
  Import took 0.129848 seconds .

========================================================================
Received Import Request.
  Time since last request: 4.199675 seconds.
  path: Assets/prefabs/catapult.prefab
  artifactKey: Guid(c29883c33a5e9d242aa19ae71e40e49b) Importer(815301076,1909f56bfc062723c751e8b465ee728b)
Start importing Assets/prefabs/catapult.prefab using Guid(c29883c33a5e9d242aa19ae71e40e49b) Importer(815301076,1909f56bfc062723c751e8b465ee728b)  -> (artifact id: '4a2c620a91566e0748d2229db98eb86c') in 0.014313 seconds 
  Import took 0.018667 seconds .

========================================================================
Received Import Request.
  Time since last request: 2.863617 seconds.
  path: Assets/prefabs/catapult.prefab
  artifactKey: Guid(c29883c33a5e9d242aa19ae71e40e49b) Importer(815301076,1909f56bfc062723c751e8b465ee728b)
Start importing Assets/prefabs/catapult.prefab using Guid(c29883c33a5e9d242aa19ae71e40e49b) Importer(815301076,1909f56bfc062723c751e8b465ee728b)  -> (artifact id: '5913add7f4f9e56cad1308c8a20e829d') in 0.018437 seconds 
  Import took 0.022789 seconds .

========================================================================
Received Prepare
Registering precompiled user dll's ...
Registered in 0.007074 seconds.
Begin MonoManager ReloadAssembly
Native extension for WindowsStandalone target not found
Native extension for WebGL target not found
Refreshing native plugins compatible for Editor in 0.75 ms, found 2 plugins.
Preloading 0 native plugins for Editor in 0.00 ms.
Mono: successfully reloaded assembly
- Completed reload, in  1.265 seconds
Domain Reload Profiling:
	ReloadAssembly (1266ms)
		BeginReloadAssembly (144ms)
			ExecutionOrderSort (0ms)
			DisableScriptedObjects (10ms)
			BackupInstance (0ms)
			ReleaseScriptingObjects (0ms)
			CreateAndSetChildDomain (46ms)
		EndReloadAssembly (1043ms)
			LoadAssemblies (105ms)
			RebuildTransferFunctionScriptingTraits (0ms)
			SetupTypeCache (345ms)
			ReleaseScriptCaches (2ms)
			RebuildScriptCaches (48ms)
			SetupLoadedEditorAssemblies (375ms)
				LogAssemblyErrors (0ms)
				InitializePlatformSupportModulesInManaged (7ms)
				SetLoadedEditorAssemblies (1ms)
				RefreshPlugins (1ms)
				BeforeProcessingInitializeOnLoad (108ms)
				ProcessInitializeOnLoadAttributes (242ms)
				ProcessInitializeOnLoadMethodAttributes (11ms)
				AfterProcessingInitializeOnLoad (6ms)
				EditorAssembliesLoaded (0ms)
			ExecutionOrderSort2 (0ms)
			AwakeInstancesAfterBackupRestoration (20ms)
Platform modules already initialized, skipping
Refreshing native plugins compatible for Editor in 0.71 ms, found 2 plugins.
Preloading 0 native plugins for Editor in 0.00 ms.
Unloading 2702 Unused Serialized files (Serialized files now loaded: 0)
System memory in use before: 139.3 MB.
System memory in use after: 139.6 MB.

Unloading 15 unused Assets to reduce memory usage. Loaded Objects now: 3406.
Total: 5.028900 ms (FindLiveObjects: 0.322600 ms CreateObjectMapping: 0.119100 ms MarkObjects: 4.547100 ms  DeleteObjects: 0.037800 ms)

AssetImportParameters requested are different than current active one (requested -> active):
  custom:framework-win-MediaFoundation: 216162199b28c13a410421893ffa2e32 -> 
  custom:video-decoder-ogg-theora: a1e56fd34408186e4bbccfd4996cb3dc -> 
  custom:container-muxer-webm: aa71ff27fc2769a1b78a27578f13a17b -> 
  custom:container-demuxer-webm: 4f35f7cbe854078d1ac9338744f61a02 -> 
  custom:container-demuxer-ogg: 62fdf1f143b41e24485cea50d1cbac27 -> 
  custom:video-encoder-webm-vp8: eb34c28f22e8b96e1ab97ce403110664 -> 
  custom:video-codec-MediaFoundation-h265: 746d11721c4dcdbdad8f713fa42b33f4 -> 
  custom:video-decoder-webm-vp8: 9c59270c3fd7afecdb556c50c9e8de78 -> 
  custom:audio-decoder-ogg-vorbis: bf7c407c2cedff20999df2af8eb42d56 -> 
  custom:audio-encoder-webm-vorbis: bf7c407c2cedff20999df2af8eb42d56 -> 
========================================================================
Received Prepare
Registering precompiled user dll's ...
Registered in 0.006341 seconds.
Begin MonoManager ReloadAssembly
Native extension for WindowsStandalone target not found
Native extension for WebGL target not found
Refreshing native plugins compatible for Editor in 0.78 ms, found 2 plugins.
Preloading 0 native plugins for Editor in 0.00 ms.
Mono: successfully reloaded assembly
- Completed reload, in  1.432 seconds
Domain Reload Profiling:
	ReloadAssembly (1433ms)
		BeginReloadAssembly (153ms)
			ExecutionOrderSort (0ms)
			DisableScriptedObjects (7ms)
			BackupInstance (0ms)
			ReleaseScriptingObjects (0ms)
			CreateAndSetChildDomain (51ms)
		EndReloadAssembly (1180ms)
			LoadAssemblies (125ms)
			RebuildTransferFunctionScriptingTraits (0ms)
			SetupTypeCache (417ms)
			ReleaseScriptCaches (2ms)
			RebuildScriptCaches (47ms)
			SetupLoadedEditorAssemblies (410ms)
				LogAssemblyErrors (0ms)
				InitializePlatformSupportModulesInManaged (6ms)
				SetLoadedEditorAssemblies (1ms)
				RefreshPlugins (1ms)
				BeforeProcessingInitializeOnLoad (119ms)
				ProcessInitializeOnLoadAttributes (267ms)
				ProcessInitializeOnLoadMethodAttributes (11ms)
				AfterProcessingInitializeOnLoad (5ms)
				EditorAssembliesLoaded (0ms)
			ExecutionOrderSort2 (0ms)
			AwakeInstancesAfterBackupRestoration (23ms)
Platform modules already initialized, skipping
Refreshing native plugins compatible for Editor in 0.75 ms, found 2 plugins.
Preloading 0 native plugins for Editor in 0.00 ms.
Unloading 2702 Unused Serialized files (Serialized files now loaded: 0)
System memory in use before: 139.4 MB.
System memory in use after: 139.6 MB.

Unloading 15 unused Assets to reduce memory usage. Loaded Objects now: 3408.
Total: 4.000700 ms (FindLiveObjects: 0.316200 ms CreateObjectMapping: 0.120100 ms MarkObjects: 3.539200 ms  DeleteObjects: 0.024000 ms)

AssetImportParameters requested are different than current active one (requested -> active):
  custom:framework-win-MediaFoundation: 216162199b28c13a410421893ffa2e32 -> 
  custom:video-decoder-ogg-theora: a1e56fd34408186e4bbccfd4996cb3dc -> 
  custom:container-muxer-webm: aa71ff27fc2769a1b78a27578f13a17b -> 
  custom:container-demuxer-webm: 4f35f7cbe854078d1ac9338744f61a02 -> 
  custom:container-demuxer-ogg: 62fdf1f143b41e24485cea50d1cbac27 -> 
  custom:video-encoder-webm-vp8: eb34c28f22e8b96e1ab97ce403110664 -> 
  custom:video-codec-MediaFoundation-h265: 746d11721c4dcdbdad8f713fa42b33f4 -> 
  custom:video-decoder-webm-vp8: 9c59270c3fd7afecdb556c50c9e8de78 -> 
  custom:audio-decoder-ogg-vorbis: bf7c407c2cedff20999df2af8eb42d56 -> 
  custom:audio-encoder-webm-vorbis: bf7c407c2cedff20999df2af8eb42d56 -> 
========================================================================
Received Prepare
Registering precompiled user dll's ...
Registered in 0.005224 seconds.
Begin MonoManager ReloadAssembly
Native extension for WindowsStandalone target not found
Native extension for WebGL target not found
Refreshing native plugins compatible for Editor in 0.72 ms, found 2 plugins.
Preloading 0 native plugins for Editor in 0.00 ms.
Mono: successfully reloaded assembly
- Completed reload, in  1.238 seconds
Domain Reload Profiling:
	ReloadAssembly (1239ms)
		BeginReloadAssembly (127ms)
			ExecutionOrderSort (0ms)
			DisableScriptedObjects (5ms)
			BackupInstance (0ms)
			ReleaseScriptingObjects (0ms)
			CreateAndSetChildDomain (39ms)
		EndReloadAssembly (1046ms)
			LoadAssemblies (99ms)
			RebuildTransferFunctionScriptingTraits (0ms)
			SetupTypeCache (361ms)
			ReleaseScriptCaches (1ms)
			RebuildScriptCaches (45ms)
			SetupLoadedEditorAssemblies (376ms)
				LogAssemblyErrors (0ms)
				InitializePlatformSupportModulesInManaged (5ms)
				SetLoadedEditorAssemblies (2ms)
				RefreshPlugins (1ms)
				BeforeProcessingInitializeOnLoad (102ms)
				ProcessInitializeOnLoadAttributes (251ms)
				ProcessInitializeOnLoadMethodAttributes (10ms)
				AfterProcessingInitializeOnLoad (5ms)
				EditorAssembliesLoaded (0ms)
			ExecutionOrderSort2 (0ms)
			AwakeInstancesAfterBackupRestoration (20ms)
Platform modules already initialized, skipping
Refreshing native plugins compatible for Editor in 1.11 ms, found 2 plugins.
Preloading 0 native plugins for Editor in 0.00 ms.
Unloading 2702 Unused Serialized files (Serialized files now loaded: 0)
System memory in use before: 139.4 MB.
System memory in use after: 139.6 MB.

Unloading 15 unused Assets to reduce memory usage. Loaded Objects now: 3410.
Total: 4.314600 ms (FindLiveObjects: 0.494400 ms CreateObjectMapping: 0.163100 ms MarkObjects: 3.631500 ms  DeleteObjects: 0.024300 ms)

AssetImportParameters requested are different than current active one (requested -> active):
  custom:framework-win-MediaFoundation: 216162199b28c13a410421893ffa2e32 -> 
  custom:video-decoder-ogg-theora: a1e56fd34408186e4bbccfd4996cb3dc -> 
  custom:container-muxer-webm: aa71ff27fc2769a1b78a27578f13a17b -> 
  custom:container-demuxer-webm: 4f35f7cbe854078d1ac9338744f61a02 -> 
  custom:container-demuxer-ogg: 62fdf1f143b41e24485cea50d1cbac27 -> 
  custom:video-encoder-webm-vp8: eb34c28f22e8b96e1ab97ce403110664 -> 
  custom:video-codec-MediaFoundation-h265: 746d11721c4dcdbdad8f713fa42b33f4 -> 
  custom:video-decoder-webm-vp8: 9c59270c3fd7afecdb556c50c9e8de78 -> 
  custom:audio-decoder-ogg-vorbis: bf7c407c2cedff20999df2af8eb42d56 -> 
  custom:audio-encoder-webm-vorbis: bf7c407c2cedff20999df2af8eb42d56 -> 
========================================================================
Received Prepare
Registering precompiled user dll's ...
Registered in 0.005187 seconds.
Begin MonoManager ReloadAssembly
Native extension for WindowsStandalone target not found
Native extension for WebGL target not found
Refreshing native plugins compatible for Editor in 0.72 ms, found 2 plugins.
Preloading 0 native plugins for Editor in 0.00 ms.
Mono: successfully reloaded assembly
- Completed reload, in  1.293 seconds
Domain Reload Profiling:
	ReloadAssembly (1294ms)
		BeginReloadAssembly (180ms)
			ExecutionOrderSort (0ms)
			DisableScriptedObjects (10ms)
			BackupInstance (0ms)
			ReleaseScriptingObjects (0ms)
			CreateAndSetChildDomain (54ms)
		EndReloadAssembly (1016ms)
			LoadAssemblies (127ms)
			RebuildTransferFunctionScriptingTraits (0ms)
			SetupTypeCache (338ms)
			ReleaseScriptCaches (1ms)
			RebuildScriptCaches (47ms)
			SetupLoadedEditorAssemblies (366ms)
				LogAssemblyErrors (0ms)
				InitializePlatformSupportModulesInManaged (6ms)
				SetLoadedEditorAssemblies (2ms)
				RefreshPlugins (1ms)
				BeforeProcessingInitializeOnLoad (105ms)
				ProcessInitializeOnLoadAttributes (238ms)
				ProcessInitializeOnLoadMethodAttributes (10ms)
				AfterProcessingInitializeOnLoad (5ms)
				EditorAssembliesLoaded (0ms)
			ExecutionOrderSort2 (0ms)
			AwakeInstancesAfterBackupRestoration (20ms)
Platform modules already initialized, skipping
Refreshing native plugins compatible for Editor in 0.80 ms, found 2 plugins.
Preloading 0 native plugins for Editor in 0.00 ms.
Unloading 2702 Unused Serialized files (Serialized files now loaded: 0)
System memory in use before: 139.4 MB.
System memory in use after: 139.6 MB.

Unloading 15 unused Assets to reduce memory usage. Loaded Objects now: 3412.
Total: 4.139500 ms (FindLiveObjects: 0.322000 ms CreateObjectMapping: 0.127000 ms MarkObjects: 3.665400 ms  DeleteObjects: 0.023900 ms)

AssetImportParameters requested are different than current active one (requested -> active):
  custom:framework-win-MediaFoundation: 216162199b28c13a410421893ffa2e32 -> 
  custom:video-decoder-ogg-theora: a1e56fd34408186e4bbccfd4996cb3dc -> 
  custom:container-muxer-webm: aa71ff27fc2769a1b78a27578f13a17b -> 
  custom:container-demuxer-webm: 4f35f7cbe854078d1ac9338744f61a02 -> 
  custom:container-demuxer-ogg: 62fdf1f143b41e24485cea50d1cbac27 -> 
  custom:video-encoder-webm-vp8: eb34c28f22e8b96e1ab97ce403110664 -> 
  custom:video-codec-MediaFoundation-h265: 746d11721c4dcdbdad8f713fa42b33f4 -> 
  custom:video-decoder-webm-vp8: 9c59270c3fd7afecdb556c50c9e8de78 -> 
  custom:audio-decoder-ogg-vorbis: bf7c407c2cedff20999df2af8eb42d56 -> 
  custom:audio-encoder-webm-vorbis: bf7c407c2cedff20999df2af8eb42d56 -> 
========================================================================
Received Prepare
Registering precompiled user dll's ...
Registered in 0.006166 seconds.
Begin MonoManager ReloadAssembly
Native extension for WindowsStandalone target not found
Native extension for WebGL target not found
Refreshing native plugins compatible for Editor in 0.83 ms, found 2 plugins.
Preloading 0 native plugins for Editor in 0.00 ms.
Mono: successfully reloaded assembly
- Completed reload, in  1.230 seconds
Domain Reload Profiling:
	ReloadAssembly (1230ms)
		BeginReloadAssembly (122ms)
			ExecutionOrderSort (0ms)
			DisableScriptedObjects (6ms)
			BackupInstance (0ms)
			ReleaseScriptingObjects (0ms)
			CreateAndSetChildDomain (39ms)
		EndReloadAssembly (1020ms)
			LoadAssemblies (103ms)
			RebuildTransferFunctionScriptingTraits (0ms)
			SetupTypeCache (337ms)
			ReleaseScriptCaches (1ms)
			RebuildScriptCaches (46ms)
			SetupLoadedEditorAssemblies (352ms)
				LogAssemblyErrors (0ms)
				InitializePlatformSupportModulesInManaged (6ms)
				SetLoadedEditorAssemblies (2ms)
				RefreshPlugins (1ms)
				BeforeProcessingInitializeOnLoad (104ms)
				ProcessInitializeOnLoadAttributes (223ms)
				ProcessInitializeOnLoadMethodAttributes (11ms)
				AfterProcessingInitializeOnLoad (5ms)
				EditorAssembliesLoaded (0ms)
			ExecutionOrderSort2 (0ms)
			AwakeInstancesAfterBackupRestoration (22ms)
Platform modules already initialized, skipping
Refreshing native plugins compatible for Editor in 0.72 ms, found 2 plugins.
Preloading 0 native plugins for Editor in 0.00 ms.
Unloading 2702 Unused Serialized files (Serialized files now loaded: 0)
System memory in use before: 139.4 MB.
System memory in use after: 139.6 MB.

Unloading 15 unused Assets to reduce memory usage. Loaded Objects now: 3414.
Total: 4.305700 ms (FindLiveObjects: 0.327300 ms CreateObjectMapping: 0.119900 ms MarkObjects: 3.831800 ms  DeleteObjects: 0.025400 ms)

AssetImportParameters requested are different than current active one (requested -> active):
  custom:framework-win-MediaFoundation: 216162199b28c13a410421893ffa2e32 -> 
  custom:video-decoder-ogg-theora: a1e56fd34408186e4bbccfd4996cb3dc -> 
  custom:container-muxer-webm: aa71ff27fc2769a1b78a27578f13a17b -> 
  custom:container-demuxer-webm: 4f35f7cbe854078d1ac9338744f61a02 -> 
  custom:container-demuxer-ogg: 62fdf1f143b41e24485cea50d1cbac27 -> 
  custom:video-encoder-webm-vp8: eb34c28f22e8b96e1ab97ce403110664 -> 
  custom:video-codec-MediaFoundation-h265: 746d11721c4dcdbdad8f713fa42b33f4 -> 
  custom:video-decoder-webm-vp8: 9c59270c3fd7afecdb556c50c9e8de78 -> 
  custom:audio-decoder-ogg-vorbis: bf7c407c2cedff20999df2af8eb42d56 -> 
  custom:audio-encoder-webm-vorbis: bf7c407c2cedff20999df2af8eb42d56 -> 
========================================================================
Received Prepare
Registering precompiled user dll's ...
Registered in 0.005434 seconds.
Begin MonoManager ReloadAssembly
Native extension for WindowsStandalone target not found
Native extension for WebGL target not found
Refreshing native plugins compatible for Editor in 1.10 ms, found 2 plugins.
Preloading 0 native plugins for Editor in 0.00 ms.
Mono: successfully reloaded assembly
- Completed reload, in  1.311 seconds
Domain Reload Profiling:
	ReloadAssembly (1312ms)
		BeginReloadAssembly (160ms)
			ExecutionOrderSort (0ms)
			DisableScriptedObjects (7ms)
			BackupInstance (0ms)
			ReleaseScriptingObjects (0ms)
			CreateAndSetChildDomain (50ms)
		EndReloadAssembly (1067ms)
			LoadAssemblies (124ms)
			RebuildTransferFunctionScriptingTraits (0ms)
			SetupTypeCache (395ms)
			ReleaseScriptCaches (2ms)
			RebuildScriptCaches (49ms)
			SetupLoadedEditorAssemblies (348ms)
				LogAssemblyErrors (0ms)
				InitializePlatformSupportModulesInManaged (6ms)
				SetLoadedEditorAssemblies (1ms)
				RefreshPlugins (1ms)
				BeforeProcessingInitializeOnLoad (103ms)
				ProcessInitializeOnLoadAttributes (221ms)
				ProcessInitializeOnLoadMethodAttributes (10ms)
				AfterProcessingInitializeOnLoad (5ms)
				EditorAssembliesLoaded (0ms)
			ExecutionOrderSort2 (0ms)
			AwakeInstancesAfterBackupRestoration (20ms)
Platform modules already initialized, skipping
Refreshing native plugins compatible for Editor in 0.71 ms, found 2 plugins.
Preloading 0 native plugins for Editor in 0.00 ms.
Unloading 2702 Unused Serialized files (Serialized files now loaded: 0)
System memory in use before: 139.4 MB.
System memory in use after: 139.6 MB.

Unloading 15 unused Assets to reduce memory usage. Loaded Objects now: 3416.
Total: 4.761100 ms (FindLiveObjects: 0.388800 ms CreateObjectMapping: 0.118400 ms MarkObjects: 4.225100 ms  DeleteObjects: 0.027200 ms)

AssetImportParameters requested are different than current active one (requested -> active):
  custom:framework-win-MediaFoundation: 216162199b28c13a410421893ffa2e32 -> 
  custom:video-decoder-ogg-theora: a1e56fd34408186e4bbccfd4996cb3dc -> 
  custom:container-muxer-webm: aa71ff27fc2769a1b78a27578f13a17b -> 
  custom:container-demuxer-webm: 4f35f7cbe854078d1ac9338744f61a02 -> 
  custom:container-demuxer-ogg: 62fdf1f143b41e24485cea50d1cbac27 -> 
  custom:video-encoder-webm-vp8: eb34c28f22e8b96e1ab97ce403110664 -> 
  custom:video-codec-MediaFoundation-h265: 746d11721c4dcdbdad8f713fa42b33f4 -> 
  custom:video-decoder-webm-vp8: 9c59270c3fd7afecdb556c50c9e8de78 -> 
  custom:audio-decoder-ogg-vorbis: bf7c407c2cedff20999df2af8eb42d56 -> 
  custom:audio-encoder-webm-vorbis: bf7c407c2cedff20999df2af8eb42d56 -> 
AssetImportWorkerClient::OnTransportError - code=2 error=End of file
