Using pre-set license
Built from '2020.3/staging' branch; Version is '2020.3.23f1 (c5d91304a876) revision 12966163'; Using compiler version '192528614'; Build Type 'Release'
OS: 'Windows 10 Pro; OS build 19042.1348; Version 2009; 64bit' Language: 'en' Physical Memory: 16317 MB
BatchMode: 1, IsHumanControllingUs: 0, StartBugReporterOnCrash: 0, Is64bit: 1, IsPro: 0

COMMAND LINE ARGUMENTS:
Z:\Unity\2020.3.23f1\Editor\Unity.exe
-adb2
-batchMode
-noUpm
-name
AssetImportWorker0
-projectPath
Z:/Unity/unityArchery
-logFile
Logs/AssetImportWorker0.log
-srvPort
58332
Successfully changed project path to: Z:/Unity/unityArchery
Z:/Unity/unityArchery
Using Asset Import Pipeline V2.
Refreshing native plugins compatible for Editor in 45.53 ms, found 2 plugins.
Preloading 0 native plugins for Editor in 0.00 ms.
Initialize engine version: 2020.3.23f1 (c5d91304a876)
[Subsystems] Discovering subsystems at path Z:/Unity/2020.3.23f1/Editor/Data/Resources/UnitySubsystems
[Subsystems] Discovering subsystems at path Z:/Unity/unityArchery/Assets
GfxDevice: creating device client; threaded=0
Direct3D:
    Version:  Direct3D 11.0 [level 11.1]
    Renderer: NVIDIA GeForce RTX 2070 SUPER (ID=0x1e84)
    Vendor:   
    VRAM:     8011 MB
    Driver:   27.21.14.6231
Initialize mono
Mono path[0] = 'Z:/Unity/2020.3.23f1/Editor/Data/Managed'
Mono path[1] = 'Z:/Unity/2020.3.23f1/Editor/Data/MonoBleedingEdge/lib/mono/unityjit'
Mono config path = 'Z:/Unity/2020.3.23f1/Editor/Data/MonoBleedingEdge/etc'
Using monoOptions --debugger-agent=transport=dt_socket,embedding=1,server=y,suspend=n,address=127.0.0.1:56492
Begin MonoManager ReloadAssembly
Registering precompiled unity dll's ...
Register platform support module: Z:/Unity/2020.3.23f1/Editor/Data/PlaybackEngines/WindowsStandaloneSupport/UnityEditor.WindowsStandalone.Extensions.dll
Registered in 0.000930 seconds.
Native extension for WindowsStandalone target not found
Refreshing native plugins compatible for Editor in 46.47 ms, found 2 plugins.
Preloading 0 native plugins for Editor in 0.00 ms.
Mono: successfully reloaded assembly
- Completed reload, in  0.490 seconds
Domain Reload Profiling:
	ReloadAssembly (491ms)
		BeginReloadAssembly (50ms)
			ExecutionOrderSort (0ms)
			DisableScriptedObjects (0ms)
			BackupInstance (0ms)
			ReleaseScriptingObjects (0ms)
			CreateAndSetChildDomain (1ms)
		EndReloadAssembly (384ms)
			LoadAssemblies (50ms)
			RebuildTransferFunctionScriptingTraits (0ms)
			SetupTypeCache (128ms)
			ReleaseScriptCaches (0ms)
			RebuildScriptCaches (24ms)
			SetupLoadedEditorAssemblies (150ms)
				LogAssemblyErrors (0ms)
				InitializePlatformSupportModulesInManaged (3ms)
				SetLoadedEditorAssemblies (0ms)
				RefreshPlugins (47ms)
				BeforeProcessingInitializeOnLoad (13ms)
				ProcessInitializeOnLoadAttributes (63ms)
				ProcessInitializeOnLoadMethodAttributes (22ms)
				AfterProcessingInitializeOnLoad (0ms)
				EditorAssembliesLoaded (0ms)
			ExecutionOrderSort2 (0ms)
			AwakeInstancesAfterBackupRestoration (0ms)
Platform modules already initialized, skipping
Registering precompiled user dll's ...
Registered in 0.003366 seconds.
Begin MonoManager ReloadAssembly
Native extension for WindowsStandalone target not found
Refreshing native plugins compatible for Editor in 46.68 ms, found 2 plugins.
Preloading 0 native plugins for Editor in 0.00 ms.
Mono: successfully reloaded assembly
- Completed reload, in  0.929 seconds
Domain Reload Profiling:
	ReloadAssembly (929ms)
		BeginReloadAssembly (125ms)
			ExecutionOrderSort (0ms)
			DisableScriptedObjects (4ms)
			BackupInstance (0ms)
			ReleaseScriptingObjects (0ms)
			CreateAndSetChildDomain (16ms)
		EndReloadAssembly (757ms)
			LoadAssemblies (83ms)
			RebuildTransferFunctionScriptingTraits (0ms)
			SetupTypeCache (264ms)
			ReleaseScriptCaches (1ms)
			RebuildScriptCaches (41ms)
			SetupLoadedEditorAssemblies (279ms)
				LogAssemblyErrors (0ms)
				InitializePlatformSupportModulesInManaged (3ms)
				SetLoadedEditorAssemblies (0ms)
				RefreshPlugins (47ms)
				BeforeProcessingInitializeOnLoad (68ms)
				ProcessInitializeOnLoadAttributes (152ms)
				ProcessInitializeOnLoadMethodAttributes (7ms)
				AfterProcessingInitializeOnLoad (2ms)
				EditorAssembliesLoaded (0ms)
			ExecutionOrderSort2 (0ms)
			AwakeInstancesAfterBackupRestoration (5ms)
Platform modules already initialized, skipping
========================================================================
Worker process is ready to serve import requests
Launched and connected shader compiler UnityShaderCompiler.exe after 0.04 seconds
Refreshing native plugins compatible for Editor in 0.56 ms, found 2 plugins.
Preloading 0 native plugins for Editor in 0.00 ms.
Unloading 2812 Unused Serialized files (Serialized files now loaded: 0)
System memory in use before: 127.2 MB.
System memory in use after: 127.4 MB.

Unloading 20 unused Assets to reduce memory usage. Loaded Objects now: 3249.
Total: 3.081500 ms (FindLiveObjects: 0.270000 ms CreateObjectMapping: 0.077600 ms MarkObjects: 2.652200 ms  DeleteObjects: 0.080700 ms)

AssetImportParameters requested are different than current active one (requested -> active):
  custom:framework-win-MediaFoundation: 216162199b28c13a410421893ffa2e32 -> 
  custom:video-decoder-ogg-theora: a1e56fd34408186e4bbccfd4996cb3dc -> 
  custom:container-muxer-webm: aa71ff27fc2769a1b78a27578f13a17b -> 
  custom:container-demuxer-webm: 4f35f7cbe854078d1ac9338744f61a02 -> 
  custom:container-demuxer-ogg: 62fdf1f143b41e24485cea50d1cbac27 -> 
  custom:video-encoder-webm-vp8: eb34c28f22e8b96e1ab97ce403110664 -> 
  custom:video-decoder-webm-vp8: 9c59270c3fd7afecdb556c50c9e8de78 -> 
  custom:audio-decoder-ogg-vorbis: bf7c407c2cedff20999df2af8eb42d56 -> 
  custom:audio-encoder-webm-vorbis: bf7c407c2cedff20999df2af8eb42d56 -> 
========================================================================
Received Import Request.
  path: Assets/meshes/Knock.mat
  artifactKey: Guid(5ba8919fbfbeca24e95bf72cf7169bf5) Importer(815301076,1909f56bfc062723c751e8b465ee728b)
Start importing Assets/meshes/Knock.mat using Guid(5ba8919fbfbeca24e95bf72cf7169bf5) Importer(815301076,1909f56bfc062723c751e8b465ee728b)  -> (artifact id: 'd653cd0d7833deaa093b616c4436660a') in 0.275322 seconds 
  Import took 0.279895 seconds .

========================================================================
Received Import Request.
  Time since last request: 0.000346 seconds.
  path: Assets/meshes/catapult.blend
  artifactKey: Guid(167baee15a9b5da4ab21b185982e5cf6) Importer(815301076,1909f56bfc062723c751e8b465ee728b)
Start importing Assets/meshes/catapult.blend using Guid(167baee15a9b5da4ab21b185982e5cf6) Importer(815301076,1909f56bfc062723c751e8b465ee728b)  -> (artifact id: '100b1f183a1566a60dae55c341ee73b1') in 0.055175 seconds 
  Import took 0.059481 seconds .

========================================================================
Received Import Request.
  Time since last request: 0.000167 seconds.
  path: Assets/meshes/Wheels.mat
  artifactKey: Guid(0147b9860629cb741915ce1c1c50120d) Importer(815301076,1909f56bfc062723c751e8b465ee728b)
Start importing Assets/meshes/Wheels.mat using Guid(0147b9860629cb741915ce1c1c50120d) Importer(815301076,1909f56bfc062723c751e8b465ee728b)  -> (artifact id: 'fdcbc1c0b8c5abdb668d7c728b986fc4') in 0.016169 seconds 
  Import took 0.019695 seconds .

========================================================================
Received Import Request.
  Time since last request: 0.000234 seconds.
  path: Assets/meshes/Frame.mat
  artifactKey: Guid(2f1b156b7be7b1048a5fcf1729a1f279) Importer(815301076,1909f56bfc062723c751e8b465ee728b)
Start importing Assets/meshes/Frame.mat using Guid(2f1b156b7be7b1048a5fcf1729a1f279) Importer(815301076,1909f56bfc062723c751e8b465ee728b)  -> (artifact id: '7434c96c0699b7ac25c94046675e0e5f') in 0.014005 seconds 
  Import took 0.018112 seconds .

========================================================================
Received Import Request.
  Time since last request: 0.000226 seconds.
  path: Assets/meshes/leverArm.mat
  artifactKey: Guid(79d1d788485fc2b458f932898a92d324) Importer(815301076,1909f56bfc062723c751e8b465ee728b)
Start importing Assets/meshes/leverArm.mat using Guid(79d1d788485fc2b458f932898a92d324) Importer(815301076,1909f56bfc062723c751e8b465ee728b)  -> (artifact id: '966bc1f33eceb95662b15d22c228c401') in 0.011779 seconds 
  Import took 0.015904 seconds .

========================================================================
Received Import Request.
  Time since last request: 0.000219 seconds.
  path: Assets/meshes/rock1.blend
  artifactKey: Guid(e60b8db931f99504692bfe729d880507) Importer(815301076,1909f56bfc062723c751e8b465ee728b)
Start importing Assets/meshes/rock1.blend using Guid(e60b8db931f99504692bfe729d880507) Importer(815301076,1909f56bfc062723c751e8b465ee728b)  -> (artifact id: '02efdacb29142d691c3631323f2f59c8') in 0.020574 seconds 
  Import took 0.024193 seconds .

========================================================================
Received Import Request.
  Time since last request: 2.505226 seconds.
  path: Assets/New Terrain.asset
  artifactKey: Guid(32aa13736a488174b962955f1fee63fe) Importer(815301076,1909f56bfc062723c751e8b465ee728b)
Start importing Assets/New Terrain.asset using Guid(32aa13736a488174b962955f1fee63fe) Importer(815301076,1909f56bfc062723c751e8b465ee728b)  -> (artifact id: 'ac7c200ba7f867ac32aed9f3b2c0970e') in 0.023234 seconds 
  Import took 0.027794 seconds .

========================================================================
Received Import Request.
  Time since last request: 0.000213 seconds.
  path: Assets/NewLayer.terrainlayer
  artifactKey: Guid(fdfcaee215d176547b0a81716b213a4f) Importer(815301076,1909f56bfc062723c751e8b465ee728b)
Start importing Assets/NewLayer.terrainlayer using Guid(fdfcaee215d176547b0a81716b213a4f) Importer(815301076,1909f56bfc062723c751e8b465ee728b)  -> (artifact id: '76cc4406f1d041e21a93c3d262e40293') in 0.015394 seconds 
  Import took 0.019133 seconds .

========================================================================
Received Import Request.
  Time since last request: 0.000193 seconds.
  path: Assets/TerrainData_65a5d535-af5d-46cc-9fcf-b91e84b0c5dd.asset
  artifactKey: Guid(b4c94ab80322718449e072efd61d70f5) Importer(815301076,1909f56bfc062723c751e8b465ee728b)
Start importing Assets/TerrainData_65a5d535-af5d-46cc-9fcf-b91e84b0c5dd.asset using Guid(b4c94ab80322718449e072efd61d70f5) Importer(815301076,1909f56bfc062723c751e8b465ee728b)  -> (artifact id: '1dcbc24a5a30192e582ad3aac63cfdaf') in 0.011657 seconds 
  Import took 0.015354 seconds .

========================================================================
Received Import Request.
  Time since last request: 16.852680 seconds.
  path: Assets/prefabs/arrow.prefab
  artifactKey: Guid(bc252113f54f4eb4682f88ddff3e08f2) Importer(815301076,1909f56bfc062723c751e8b465ee728b)
Start importing Assets/prefabs/arrow.prefab using Guid(bc252113f54f4eb4682f88ddff3e08f2) Importer(815301076,1909f56bfc062723c751e8b465ee728b)  -> (artifact id: 'b5953cbbcc48f3415c050255a4b4ff9d') in 0.035710 seconds 
  Import took 0.040775 seconds .

========================================================================
Received Import Request.
  Time since last request: 0.000192 seconds.
  path: Assets/prefabs/catapult.prefab
  artifactKey: Guid(c29883c33a5e9d242aa19ae71e40e49b) Importer(815301076,1909f56bfc062723c751e8b465ee728b)
Start importing Assets/prefabs/catapult.prefab using Guid(c29883c33a5e9d242aa19ae71e40e49b) Importer(815301076,1909f56bfc062723c751e8b465ee728b)  -> (artifact id: 'd82819cffe057b799a2f903b3bb39dc9') in 0.014201 seconds 
  Import took 0.018410 seconds .

========================================================================
Received Import Request.
  Time since last request: 0.000144 seconds.
  path: Assets/prefabs/rock1.prefab
  artifactKey: Guid(b84c030d7cfe45442b04e7a54e0ac441) Importer(815301076,1909f56bfc062723c751e8b465ee728b)
Start importing Assets/prefabs/rock1.prefab using Guid(b84c030d7cfe45442b04e7a54e0ac441) Importer(815301076,1909f56bfc062723c751e8b465ee728b)  -> (artifact id: 'ae01b97606a44325b2e79123ddd8d3e6') in 0.009011 seconds 
  Import took 0.012520 seconds .

========================================================================
Received Import Request.
  Time since last request: 210.931528 seconds.
  path: Assets/meshes/blimp.blend
  artifactKey: Guid(5a2bd059110562b4baf5422aeb093ad2) Importer(815301076,1909f56bfc062723c751e8b465ee728b)
Start importing Assets/meshes/blimp.blend using Guid(5a2bd059110562b4baf5422aeb093ad2) Importer(815301076,1909f56bfc062723c751e8b465ee728b)  -> (artifact id: '4327bb7a5fdc9d1e5623f3efca9b0a8e') in 0.033016 seconds 
  Import took 0.037257 seconds .

========================================================================
Received Prepare
Registering precompiled user dll's ...
Registered in 0.003307 seconds.
Begin MonoManager ReloadAssembly
Native extension for WindowsStandalone target not found
Refreshing native plugins compatible for Editor in 0.61 ms, found 2 plugins.
Preloading 0 native plugins for Editor in 0.00 ms.
Mono: successfully reloaded assembly
- Completed reload, in  0.889 seconds
Domain Reload Profiling:
	ReloadAssembly (890ms)
		BeginReloadAssembly (118ms)
			ExecutionOrderSort (0ms)
			DisableScriptedObjects (5ms)
			BackupInstance (0ms)
			ReleaseScriptingObjects (0ms)
			CreateAndSetChildDomain (31ms)
		EndReloadAssembly (724ms)
			LoadAssemblies (82ms)
			RebuildTransferFunctionScriptingTraits (0ms)
			SetupTypeCache (248ms)
			ReleaseScriptCaches (1ms)
			RebuildScriptCaches (34ms)
			SetupLoadedEditorAssemblies (248ms)
				LogAssemblyErrors (0ms)
				InitializePlatformSupportModulesInManaged (3ms)
				SetLoadedEditorAssemblies (0ms)
				RefreshPlugins (1ms)
				BeforeProcessingInitializeOnLoad (68ms)
				ProcessInitializeOnLoadAttributes (165ms)
				ProcessInitializeOnLoadMethodAttributes (8ms)
				AfterProcessingInitializeOnLoad (2ms)
				EditorAssembliesLoaded (0ms)
			ExecutionOrderSort2 (0ms)
			AwakeInstancesAfterBackupRestoration (14ms)
Platform modules already initialized, skipping
Refreshing native plugins compatible for Editor in 0.67 ms, found 2 plugins.
Preloading 0 native plugins for Editor in 0.00 ms.
Unloading 2708 Unused Serialized files (Serialized files now loaded: 0)
System memory in use before: 127.2 MB.
System memory in use after: 127.5 MB.

Unloading 15 unused Assets to reduce memory usage. Loaded Objects now: 3343.
Total: 3.292300 ms (FindLiveObjects: 0.345700 ms CreateObjectMapping: 0.086200 ms MarkObjects: 2.840800 ms  DeleteObjects: 0.018200 ms)

AssetImportParameters requested are different than current active one (requested -> active):
  custom:framework-win-MediaFoundation: 216162199b28c13a410421893ffa2e32 -> 
  custom:video-decoder-ogg-theora: a1e56fd34408186e4bbccfd4996cb3dc -> 
  custom:container-muxer-webm: aa71ff27fc2769a1b78a27578f13a17b -> 
  custom:container-demuxer-webm: 4f35f7cbe854078d1ac9338744f61a02 -> 
  custom:container-demuxer-ogg: 62fdf1f143b41e24485cea50d1cbac27 -> 
  custom:video-encoder-webm-vp8: eb34c28f22e8b96e1ab97ce403110664 -> 
  custom:video-decoder-webm-vp8: 9c59270c3fd7afecdb556c50c9e8de78 -> 
  custom:audio-decoder-ogg-vorbis: bf7c407c2cedff20999df2af8eb42d56 -> 
  custom:audio-encoder-webm-vorbis: bf7c407c2cedff20999df2af8eb42d56 -> 
========================================================================
Received Import Request.
  Time since last request: 164.766192 seconds.
  path: Assets/prefabs/blimp.prefab
  artifactKey: Guid(5bf189729afa9a44e816b2ddb3b335be) Importer(815301076,1909f56bfc062723c751e8b465ee728b)
Start importing Assets/prefabs/blimp.prefab using Guid(5bf189729afa9a44e816b2ddb3b335be) Importer(815301076,1909f56bfc062723c751e8b465ee728b)  -> (artifact id: 'da03b8f119d2472722c12b2b690dc6c3') in 0.141134 seconds 
  Import took 0.145794 seconds .

========================================================================
Received Prepare
Registering precompiled user dll's ...
Registered in 0.003260 seconds.
Begin MonoManager ReloadAssembly
Native extension for WindowsStandalone target not found
Refreshing native plugins compatible for Editor in 0.58 ms, found 2 plugins.
Preloading 0 native plugins for Editor in 0.00 ms.
Mono: successfully reloaded assembly
- Completed reload, in  0.874 seconds
Domain Reload Profiling:
	ReloadAssembly (874ms)
		BeginReloadAssembly (112ms)
			ExecutionOrderSort (0ms)
			DisableScriptedObjects (6ms)
			BackupInstance (0ms)
			ReleaseScriptingObjects (0ms)
			CreateAndSetChildDomain (32ms)
		EndReloadAssembly (714ms)
			LoadAssemblies (84ms)
			RebuildTransferFunctionScriptingTraits (0ms)
			SetupTypeCache (253ms)
			ReleaseScriptCaches (1ms)
			RebuildScriptCaches (35ms)
			SetupLoadedEditorAssemblies (237ms)
				LogAssemblyErrors (0ms)
				InitializePlatformSupportModulesInManaged (3ms)
				SetLoadedEditorAssemblies (0ms)
				RefreshPlugins (1ms)
				BeforeProcessingInitializeOnLoad (66ms)
				ProcessInitializeOnLoadAttributes (156ms)
				ProcessInitializeOnLoadMethodAttributes (8ms)
				AfterProcessingInitializeOnLoad (2ms)
				EditorAssembliesLoaded (0ms)
			ExecutionOrderSort2 (0ms)
			AwakeInstancesAfterBackupRestoration (13ms)
Platform modules already initialized, skipping
Refreshing native plugins compatible for Editor in 0.57 ms, found 2 plugins.
Preloading 0 native plugins for Editor in 0.00 ms.
Unloading 2702 Unused Serialized files (Serialized files now loaded: 0)
System memory in use before: 126.9 MB.
System memory in use after: 127.1 MB.

Unloading 15 unused Assets to reduce memory usage. Loaded Objects now: 3381.
Total: 3.142900 ms (FindLiveObjects: 0.293900 ms CreateObjectMapping: 0.076200 ms MarkObjects: 2.756400 ms  DeleteObjects: 0.015700 ms)

AssetImportParameters requested are different than current active one (requested -> active):
  custom:framework-win-MediaFoundation: 216162199b28c13a410421893ffa2e32 -> 
  custom:video-decoder-ogg-theora: a1e56fd34408186e4bbccfd4996cb3dc -> 
  custom:container-muxer-webm: aa71ff27fc2769a1b78a27578f13a17b -> 
  custom:container-demuxer-webm: 4f35f7cbe854078d1ac9338744f61a02 -> 
  custom:container-demuxer-ogg: 62fdf1f143b41e24485cea50d1cbac27 -> 
  custom:video-encoder-webm-vp8: eb34c28f22e8b96e1ab97ce403110664 -> 
  custom:video-decoder-webm-vp8: 9c59270c3fd7afecdb556c50c9e8de78 -> 
  custom:audio-decoder-ogg-vorbis: bf7c407c2cedff20999df2af8eb42d56 -> 
  custom:audio-encoder-webm-vorbis: bf7c407c2cedff20999df2af8eb42d56 -> 
========================================================================
Received Import Request.
  Time since last request: 84.739939 seconds.
  path: Assets/prefabs/blimp.prefab
  artifactKey: Guid(5bf189729afa9a44e816b2ddb3b335be) Importer(815301076,1909f56bfc062723c751e8b465ee728b)
Start importing Assets/prefabs/blimp.prefab using Guid(5bf189729afa9a44e816b2ddb3b335be) Importer(815301076,1909f56bfc062723c751e8b465ee728b)  -> (artifact id: '0e64466df7b645bba9b1856672acb068') in 0.129809 seconds 
  Import took 0.134192 seconds .

========================================================================
Received Prepare
Registering precompiled user dll's ...
Registered in 0.003293 seconds.
Begin MonoManager ReloadAssembly
Native extension for WindowsStandalone target not found
Refreshing native plugins compatible for Editor in 0.58 ms, found 2 plugins.
Preloading 0 native plugins for Editor in 0.00 ms.
Mono: successfully reloaded assembly
- Completed reload, in  0.875 seconds
Domain Reload Profiling:
	ReloadAssembly (876ms)
		BeginReloadAssembly (112ms)
			ExecutionOrderSort (0ms)
			DisableScriptedObjects (6ms)
			BackupInstance (0ms)
			ReleaseScriptingObjects (0ms)
			CreateAndSetChildDomain (33ms)
		EndReloadAssembly (710ms)
			LoadAssemblies (89ms)
			RebuildTransferFunctionScriptingTraits (0ms)
			SetupTypeCache (263ms)
			ReleaseScriptCaches (1ms)
			RebuildScriptCaches (35ms)
			SetupLoadedEditorAssemblies (224ms)
				LogAssemblyErrors (0ms)
				InitializePlatformSupportModulesInManaged (3ms)
				SetLoadedEditorAssemblies (0ms)
				RefreshPlugins (1ms)
				BeforeProcessingInitializeOnLoad (63ms)
				ProcessInitializeOnLoadAttributes (148ms)
				ProcessInitializeOnLoadMethodAttributes (7ms)
				AfterProcessingInitializeOnLoad (2ms)
				EditorAssembliesLoaded (0ms)
			ExecutionOrderSort2 (0ms)
			AwakeInstancesAfterBackupRestoration (13ms)
Platform modules already initialized, skipping
Refreshing native plugins compatible for Editor in 0.60 ms, found 2 plugins.
Preloading 0 native plugins for Editor in 0.00 ms.
Unloading 2702 Unused Serialized files (Serialized files now loaded: 0)
System memory in use before: 127.0 MB.
System memory in use after: 127.2 MB.

Unloading 15 unused Assets to reduce memory usage. Loaded Objects now: 3419.
Total: 3.125200 ms (FindLiveObjects: 0.279400 ms CreateObjectMapping: 0.078400 ms MarkObjects: 2.750700 ms  DeleteObjects: 0.015600 ms)

AssetImportParameters requested are different than current active one (requested -> active):
  custom:framework-win-MediaFoundation: 216162199b28c13a410421893ffa2e32 -> 
  custom:video-decoder-ogg-theora: a1e56fd34408186e4bbccfd4996cb3dc -> 
  custom:container-muxer-webm: aa71ff27fc2769a1b78a27578f13a17b -> 
  custom:container-demuxer-webm: 4f35f7cbe854078d1ac9338744f61a02 -> 
  custom:container-demuxer-ogg: 62fdf1f143b41e24485cea50d1cbac27 -> 
  custom:video-encoder-webm-vp8: eb34c28f22e8b96e1ab97ce403110664 -> 
  custom:video-decoder-webm-vp8: 9c59270c3fd7afecdb556c50c9e8de78 -> 
  custom:audio-decoder-ogg-vorbis: bf7c407c2cedff20999df2af8eb42d56 -> 
  custom:audio-encoder-webm-vorbis: bf7c407c2cedff20999df2af8eb42d56 -> 
========================================================================
Received Prepare
Registering precompiled user dll's ...
Registered in 0.003426 seconds.
Begin MonoManager ReloadAssembly
Native extension for WindowsStandalone target not found
Refreshing native plugins compatible for Editor in 0.56 ms, found 2 plugins.
Preloading 0 native plugins for Editor in 0.00 ms.
Mono: successfully reloaded assembly
- Completed reload, in  0.829 seconds
Domain Reload Profiling:
	ReloadAssembly (829ms)
		BeginReloadAssembly (94ms)
			ExecutionOrderSort (0ms)
			DisableScriptedObjects (4ms)
			BackupInstance (0ms)
			ReleaseScriptingObjects (0ms)
			CreateAndSetChildDomain (27ms)
		EndReloadAssembly (688ms)
			LoadAssemblies (80ms)
			RebuildTransferFunctionScriptingTraits (0ms)
			SetupTypeCache (244ms)
			ReleaseScriptCaches (1ms)
			RebuildScriptCaches (34ms)
			SetupLoadedEditorAssemblies (224ms)
				LogAssemblyErrors (0ms)
				InitializePlatformSupportModulesInManaged (3ms)
				SetLoadedEditorAssemblies (0ms)
				RefreshPlugins (1ms)
				BeforeProcessingInitializeOnLoad (65ms)
				ProcessInitializeOnLoadAttributes (147ms)
				ProcessInitializeOnLoadMethodAttributes (7ms)
				AfterProcessingInitializeOnLoad (2ms)
				EditorAssembliesLoaded (0ms)
			ExecutionOrderSort2 (0ms)
			AwakeInstancesAfterBackupRestoration (13ms)
Platform modules already initialized, skipping
Refreshing native plugins compatible for Editor in 0.58 ms, found 2 plugins.
Preloading 0 native plugins for Editor in 0.00 ms.
Unloading 2702 Unused Serialized files (Serialized files now loaded: 0)
System memory in use before: 127.0 MB.
System memory in use after: 127.3 MB.

Unloading 15 unused Assets to reduce memory usage. Loaded Objects now: 3421.
Total: 3.179000 ms (FindLiveObjects: 0.302100 ms CreateObjectMapping: 0.074900 ms MarkObjects: 2.784000 ms  DeleteObjects: 0.016400 ms)

AssetImportParameters requested are different than current active one (requested -> active):
  custom:framework-win-MediaFoundation: 216162199b28c13a410421893ffa2e32 -> 
  custom:video-decoder-ogg-theora: a1e56fd34408186e4bbccfd4996cb3dc -> 
  custom:container-muxer-webm: aa71ff27fc2769a1b78a27578f13a17b -> 
  custom:container-demuxer-webm: 4f35f7cbe854078d1ac9338744f61a02 -> 
  custom:container-demuxer-ogg: 62fdf1f143b41e24485cea50d1cbac27 -> 
  custom:video-encoder-webm-vp8: eb34c28f22e8b96e1ab97ce403110664 -> 
  custom:video-decoder-webm-vp8: 9c59270c3fd7afecdb556c50c9e8de78 -> 
  custom:audio-decoder-ogg-vorbis: bf7c407c2cedff20999df2af8eb42d56 -> 
  custom:audio-encoder-webm-vorbis: bf7c407c2cedff20999df2af8eb42d56 -> 
========================================================================
Received Import Request.
  Time since last request: 188.128073 seconds.
  path: Assets/prefabs/blimp.prefab
  artifactKey: Guid(5bf189729afa9a44e816b2ddb3b335be) Importer(815301076,1909f56bfc062723c751e8b465ee728b)
Start importing Assets/prefabs/blimp.prefab using Guid(5bf189729afa9a44e816b2ddb3b335be) Importer(815301076,1909f56bfc062723c751e8b465ee728b)  -> (artifact id: 'cba4551830a4cf62a2d890a8be7c46f8') in 0.152002 seconds 
  Import took 0.156738 seconds .

========================================================================
Received Import Request.
  Time since last request: 7.901571 seconds.
  path: Assets/prefabs/blimp.prefab
  artifactKey: Guid(5bf189729afa9a44e816b2ddb3b335be) Importer(815301076,1909f56bfc062723c751e8b465ee728b)
Start importing Assets/prefabs/blimp.prefab using Guid(5bf189729afa9a44e816b2ddb3b335be) Importer(815301076,1909f56bfc062723c751e8b465ee728b)  -> (artifact id: '3c3d672815b51df281f87da95c77707c') in 0.008938 seconds 
  Import took 0.013413 seconds .

========================================================================
Received Import Request.
  Time since last request: 17.121371 seconds.
  path: Assets/prefabs/blimp.prefab
  artifactKey: Guid(5bf189729afa9a44e816b2ddb3b335be) Importer(815301076,1909f56bfc062723c751e8b465ee728b)
Start importing Assets/prefabs/blimp.prefab using Guid(5bf189729afa9a44e816b2ddb3b335be) Importer(815301076,1909f56bfc062723c751e8b465ee728b)  -> (artifact id: 'ab6a5f4161360b87cc9f8a4e3c89c112') in 0.012982 seconds 
  Import took 0.017519 seconds .

========================================================================
Received Import Request.
  Time since last request: 5.034800 seconds.
  path: Assets/prefabs/blimp.prefab
  artifactKey: Guid(5bf189729afa9a44e816b2ddb3b335be) Importer(815301076,1909f56bfc062723c751e8b465ee728b)
Start importing Assets/prefabs/blimp.prefab using Guid(5bf189729afa9a44e816b2ddb3b335be) Importer(815301076,1909f56bfc062723c751e8b465ee728b)  -> (artifact id: 'a087937d99768fcbc9d701acb8dacf66') in 0.009229 seconds 
  Import took 0.013615 seconds .

========================================================================
Received Import Request.
  Time since last request: 8.643809 seconds.
  path: Assets/prefabs/blimp.prefab
  artifactKey: Guid(5bf189729afa9a44e816b2ddb3b335be) Importer(815301076,1909f56bfc062723c751e8b465ee728b)
Start importing Assets/prefabs/blimp.prefab using Guid(5bf189729afa9a44e816b2ddb3b335be) Importer(815301076,1909f56bfc062723c751e8b465ee728b)  -> (artifact id: '66650814176e6ec3016e342299401893') in 0.008897 seconds 
  Import took 0.013261 seconds .

========================================================================
Received Import Request.
  Time since last request: 1.195110 seconds.
  path: Assets/prefabs/blimp.prefab
  artifactKey: Guid(5bf189729afa9a44e816b2ddb3b335be) Importer(815301076,1909f56bfc062723c751e8b465ee728b)
Start importing Assets/prefabs/blimp.prefab using Guid(5bf189729afa9a44e816b2ddb3b335be) Importer(815301076,1909f56bfc062723c751e8b465ee728b)  -> (artifact id: '05c49df36e591262c778b9f2df52a527') in 0.012114 seconds 
  Import took 0.017038 seconds .

========================================================================
Received Import Request.
  Time since last request: 6.040955 seconds.
  path: Assets/prefabs/blimp.prefab
  artifactKey: Guid(5bf189729afa9a44e816b2ddb3b335be) Importer(815301076,1909f56bfc062723c751e8b465ee728b)
Start importing Assets/prefabs/blimp.prefab using Guid(5bf189729afa9a44e816b2ddb3b335be) Importer(815301076,1909f56bfc062723c751e8b465ee728b)  -> (artifact id: '889720fde30f8c3903858035fe23edc3') in 0.009336 seconds 
  Import took 0.013615 seconds .

========================================================================
Received Import Request.
  Time since last request: 2.830493 seconds.
  path: Assets/prefabs/blimp.prefab
  artifactKey: Guid(5bf189729afa9a44e816b2ddb3b335be) Importer(815301076,1909f56bfc062723c751e8b465ee728b)
Start importing Assets/prefabs/blimp.prefab using Guid(5bf189729afa9a44e816b2ddb3b335be) Importer(815301076,1909f56bfc062723c751e8b465ee728b)  -> (artifact id: 'ebe12e00417a812d79f1efa9aa9960d9') in 0.008225 seconds 
  Import took 0.012456 seconds .

========================================================================
Received Import Request.
  Time since last request: 2.601601 seconds.
  path: Assets/prefabs/blimp.prefab
  artifactKey: Guid(5bf189729afa9a44e816b2ddb3b335be) Importer(815301076,1909f56bfc062723c751e8b465ee728b)
Start importing Assets/prefabs/blimp.prefab using Guid(5bf189729afa9a44e816b2ddb3b335be) Importer(815301076,1909f56bfc062723c751e8b465ee728b)  -> (artifact id: '9fcb943bd9bd2c4e8c8ad685ac75e267') in 0.008470 seconds 
  Import took 0.012822 seconds .

========================================================================
Received Import Request.
  Time since last request: 9.905562 seconds.
  path: Assets/prefabs/blimp.prefab
  artifactKey: Guid(5bf189729afa9a44e816b2ddb3b335be) Importer(815301076,1909f56bfc062723c751e8b465ee728b)
Start importing Assets/prefabs/blimp.prefab using Guid(5bf189729afa9a44e816b2ddb3b335be) Importer(815301076,1909f56bfc062723c751e8b465ee728b)  -> (artifact id: '8d496e455cdc50f9c12fcb375693f321') in 0.013794 seconds 
  Import took 0.019326 seconds .

========================================================================
Received Import Request.
  Time since last request: 35.471955 seconds.
  path: Assets/prefabs/blimp.prefab
  artifactKey: Guid(5bf189729afa9a44e816b2ddb3b335be) Importer(815301076,1909f56bfc062723c751e8b465ee728b)
Start importing Assets/prefabs/blimp.prefab using Guid(5bf189729afa9a44e816b2ddb3b335be) Importer(815301076,1909f56bfc062723c751e8b465ee728b)  -> (artifact id: 'cbfe13cd66f2485bbd70700de0340647') in 0.008605 seconds 
  Import took 0.013658 seconds .

========================================================================
Received Import Request.
  Time since last request: 5.233399 seconds.
  path: Assets/prefabs/blimp.prefab
  artifactKey: Guid(5bf189729afa9a44e816b2ddb3b335be) Importer(815301076,1909f56bfc062723c751e8b465ee728b)
Start importing Assets/prefabs/blimp.prefab using Guid(5bf189729afa9a44e816b2ddb3b335be) Importer(815301076,1909f56bfc062723c751e8b465ee728b)  -> (artifact id: '6ae97b092cc5c48e1647566625f475f0') in 0.008627 seconds 
  Import took 0.012913 seconds .

========================================================================
Received Import Request.
  Time since last request: 2.811374 seconds.
  path: Assets/prefabs/blimp.prefab
  artifactKey: Guid(5bf189729afa9a44e816b2ddb3b335be) Importer(815301076,1909f56bfc062723c751e8b465ee728b)
Start importing Assets/prefabs/blimp.prefab using Guid(5bf189729afa9a44e816b2ddb3b335be) Importer(815301076,1909f56bfc062723c751e8b465ee728b)  -> (artifact id: '1be6cb8dbc4d49d9f8a7ad786133fa9e') in 0.008958 seconds 
  Import took 0.013395 seconds .

========================================================================
Received Import Request.
  Time since last request: 5.249460 seconds.
  path: Assets/prefabs/blimp.prefab
  artifactKey: Guid(5bf189729afa9a44e816b2ddb3b335be) Importer(815301076,1909f56bfc062723c751e8b465ee728b)
Start importing Assets/prefabs/blimp.prefab using Guid(5bf189729afa9a44e816b2ddb3b335be) Importer(815301076,1909f56bfc062723c751e8b465ee728b)  -> (artifact id: 'bca629823e2f59b7c2e4c719b9245fef') in 0.008453 seconds 
  Import took 0.012908 seconds .

========================================================================
Received Import Request.
  Time since last request: 16.558099 seconds.
  path: Assets/prefabs/blimp.prefab
  artifactKey: Guid(5bf189729afa9a44e816b2ddb3b335be) Importer(815301076,1909f56bfc062723c751e8b465ee728b)
Start importing Assets/prefabs/blimp.prefab using Guid(5bf189729afa9a44e816b2ddb3b335be) Importer(815301076,1909f56bfc062723c751e8b465ee728b)  -> (artifact id: '4a851159704a2b4e8ad92a56f779030a') in 0.008472 seconds 
  Import took 0.012822 seconds .

========================================================================
Received Import Request.
  Time since last request: 14.106581 seconds.
  path: Assets/prefabs/blimp.prefab
  artifactKey: Guid(5bf189729afa9a44e816b2ddb3b335be) Importer(815301076,1909f56bfc062723c751e8b465ee728b)
Start importing Assets/prefabs/blimp.prefab using Guid(5bf189729afa9a44e816b2ddb3b335be) Importer(815301076,1909f56bfc062723c751e8b465ee728b)  -> (artifact id: '9869fce2f644621277122fbc4af0fff7') in 0.008760 seconds 
  Import took 0.013075 seconds .

========================================================================
Received Import Request.
  Time since last request: 11.752978 seconds.
  path: Assets/prefabs/blimp.prefab
  artifactKey: Guid(5bf189729afa9a44e816b2ddb3b335be) Importer(815301076,1909f56bfc062723c751e8b465ee728b)
Start importing Assets/prefabs/blimp.prefab using Guid(5bf189729afa9a44e816b2ddb3b335be) Importer(815301076,1909f56bfc062723c751e8b465ee728b)  -> (artifact id: 'e239b7d38d4ea9ab0db00c522c81f50e') in 0.008644 seconds 
  Import took 0.012901 seconds .

========================================================================
Received Import Request.
  Time since last request: 3.009299 seconds.
  path: Assets/prefabs/blimp.prefab
  artifactKey: Guid(5bf189729afa9a44e816b2ddb3b335be) Importer(815301076,1909f56bfc062723c751e8b465ee728b)
Start importing Assets/prefabs/blimp.prefab using Guid(5bf189729afa9a44e816b2ddb3b335be) Importer(815301076,1909f56bfc062723c751e8b465ee728b)  -> (artifact id: '9280a6c91420113db39b0a58a391639e') in 0.008202 seconds 
  Import took 0.012639 seconds .

========================================================================
Received Import Request.
  Time since last request: 13.494587 seconds.
  path: Assets/prefabs/blimp.prefab
  artifactKey: Guid(5bf189729afa9a44e816b2ddb3b335be) Importer(815301076,1909f56bfc062723c751e8b465ee728b)
Start importing Assets/prefabs/blimp.prefab using Guid(5bf189729afa9a44e816b2ddb3b335be) Importer(815301076,1909f56bfc062723c751e8b465ee728b)  -> (artifact id: 'd78dc8b6ab926bea4fe9c0c4ec0083ea') in 0.008549 seconds 
  Import took 0.012883 seconds .

========================================================================
Received Import Request.
  Time since last request: 6.052083 seconds.
  path: Assets/prefabs/blimp.prefab
  artifactKey: Guid(5bf189729afa9a44e816b2ddb3b335be) Importer(815301076,1909f56bfc062723c751e8b465ee728b)
Start importing Assets/prefabs/blimp.prefab using Guid(5bf189729afa9a44e816b2ddb3b335be) Importer(815301076,1909f56bfc062723c751e8b465ee728b)  -> (artifact id: 'c0ea63f1e2895fb4c85293633aa65744') in 0.009117 seconds 
  Import took 0.013756 seconds .

========================================================================
Received Import Request.
  Time since last request: 4.435862 seconds.
  path: Assets/prefabs/blimp.prefab
  artifactKey: Guid(5bf189729afa9a44e816b2ddb3b335be) Importer(815301076,1909f56bfc062723c751e8b465ee728b)
Start importing Assets/prefabs/blimp.prefab using Guid(5bf189729afa9a44e816b2ddb3b335be) Importer(815301076,1909f56bfc062723c751e8b465ee728b)  -> (artifact id: '8b3813e915a0ad8f85d3f0051e9466c7') in 0.009321 seconds 
  Import took 0.013672 seconds .

========================================================================
Received Import Request.
  Time since last request: 4.023300 seconds.
  path: Assets/prefabs/blimp.prefab
  artifactKey: Guid(5bf189729afa9a44e816b2ddb3b335be) Importer(815301076,1909f56bfc062723c751e8b465ee728b)
Start importing Assets/prefabs/blimp.prefab using Guid(5bf189729afa9a44e816b2ddb3b335be) Importer(815301076,1909f56bfc062723c751e8b465ee728b)  -> (artifact id: 'ead80c4af2768a0e12e846d338dd1b0d') in 0.008741 seconds 
  Import took 0.013258 seconds .

========================================================================
Received Import Request.
  Time since last request: 22.780101 seconds.
  path: Assets/prefabs/blimp.prefab
  artifactKey: Guid(5bf189729afa9a44e816b2ddb3b335be) Importer(815301076,1909f56bfc062723c751e8b465ee728b)
Start importing Assets/prefabs/blimp.prefab using Guid(5bf189729afa9a44e816b2ddb3b335be) Importer(815301076,1909f56bfc062723c751e8b465ee728b)  -> (artifact id: '1fd214c79ae16618a5d384a42d8e70ae') in 0.008200 seconds 
  Import took 0.012659 seconds .

========================================================================
Received Import Request.
  Time since last request: 12.487227 seconds.
  path: Assets/prefabs/blimp.prefab
  artifactKey: Guid(5bf189729afa9a44e816b2ddb3b335be) Importer(815301076,1909f56bfc062723c751e8b465ee728b)
Start importing Assets/prefabs/blimp.prefab using Guid(5bf189729afa9a44e816b2ddb3b335be) Importer(815301076,1909f56bfc062723c751e8b465ee728b)  -> (artifact id: '653dff5045389ec10595f69e653f68a7') in 0.009313 seconds 
  Import took 0.013618 seconds .

========================================================================
Received Import Request.
  Time since last request: 20.193852 seconds.
  path: Assets/prefabs/blimp.prefab
  artifactKey: Guid(5bf189729afa9a44e816b2ddb3b335be) Importer(815301076,1909f56bfc062723c751e8b465ee728b)
Start importing Assets/prefabs/blimp.prefab using Guid(5bf189729afa9a44e816b2ddb3b335be) Importer(815301076,1909f56bfc062723c751e8b465ee728b)  -> (artifact id: '7811f55ff5741892e38dc037670b1346') in 0.008335 seconds 
  Import took 0.012665 seconds .

========================================================================
Received Import Request.
  Time since last request: 13.300401 seconds.
  path: Assets/prefabs/blimp.prefab
  artifactKey: Guid(5bf189729afa9a44e816b2ddb3b335be) Importer(815301076,1909f56bfc062723c751e8b465ee728b)
Start importing Assets/prefabs/blimp.prefab using Guid(5bf189729afa9a44e816b2ddb3b335be) Importer(815301076,1909f56bfc062723c751e8b465ee728b)  -> (artifact id: 'b59bcfa24138b2e1b828ccddf146c5dd') in 0.009475 seconds 
  Import took 0.013766 seconds .

========================================================================
Received Import Request.
  Time since last request: 11.755244 seconds.
  path: Assets/prefabs/blimp.prefab
  artifactKey: Guid(5bf189729afa9a44e816b2ddb3b335be) Importer(815301076,1909f56bfc062723c751e8b465ee728b)
Start importing Assets/prefabs/blimp.prefab using Guid(5bf189729afa9a44e816b2ddb3b335be) Importer(815301076,1909f56bfc062723c751e8b465ee728b)  -> (artifact id: 'd92c600749c03206a2a19baf3b435a07') in 0.008332 seconds 
  Import took 0.012582 seconds .

========================================================================
Received Import Request.
  Time since last request: 14.735530 seconds.
  path: Assets/prefabs/blimp.prefab
  artifactKey: Guid(5bf189729afa9a44e816b2ddb3b335be) Importer(815301076,1909f56bfc062723c751e8b465ee728b)
Start importing Assets/prefabs/blimp.prefab using Guid(5bf189729afa9a44e816b2ddb3b335be) Importer(815301076,1909f56bfc062723c751e8b465ee728b)  -> (artifact id: '794ce457bd7cb73ccb836045a841aa88') in 0.008054 seconds 
  Import took 0.012403 seconds .

========================================================================
Received Import Request.
  Time since last request: 9.673163 seconds.
  path: Assets/prefabs/blimp.prefab
  artifactKey: Guid(5bf189729afa9a44e816b2ddb3b335be) Importer(815301076,1909f56bfc062723c751e8b465ee728b)
Start importing Assets/prefabs/blimp.prefab using Guid(5bf189729afa9a44e816b2ddb3b335be) Importer(815301076,1909f56bfc062723c751e8b465ee728b)  -> (artifact id: 'ddad48f09e0785d1797a2318db0167bb') in 0.008603 seconds 
  Import took 0.012898 seconds .

========================================================================
Received Import Request.
  Time since last request: 1.192644 seconds.
  path: Assets/prefabs/blimp.prefab
  artifactKey: Guid(5bf189729afa9a44e816b2ddb3b335be) Importer(815301076,1909f56bfc062723c751e8b465ee728b)
Start importing Assets/prefabs/blimp.prefab using Guid(5bf189729afa9a44e816b2ddb3b335be) Importer(815301076,1909f56bfc062723c751e8b465ee728b)  -> (artifact id: 'de08522efc079905c00242d1a9842d46') in 0.008493 seconds 
  Import took 0.012773 seconds .

========================================================================
Received Prepare
Registering precompiled user dll's ...
Registered in 0.003378 seconds.
Begin MonoManager ReloadAssembly
Native extension for WindowsStandalone target not found
Refreshing native plugins compatible for Editor in 0.57 ms, found 2 plugins.
Preloading 0 native plugins for Editor in 0.00 ms.
Mono: successfully reloaded assembly
- Completed reload, in  0.891 seconds
Domain Reload Profiling:
	ReloadAssembly (892ms)
		BeginReloadAssembly (115ms)
			ExecutionOrderSort (0ms)
			DisableScriptedObjects (6ms)
			BackupInstance (0ms)
			ReleaseScriptingObjects (0ms)
			CreateAndSetChildDomain (32ms)
		EndReloadAssembly (726ms)
			LoadAssemblies (87ms)
			RebuildTransferFunctionScriptingTraits (0ms)
			SetupTypeCache (257ms)
			ReleaseScriptCaches (1ms)
			RebuildScriptCaches (35ms)
			SetupLoadedEditorAssemblies (235ms)
				LogAssemblyErrors (0ms)
				InitializePlatformSupportModulesInManaged (3ms)
				SetLoadedEditorAssemblies (0ms)
				RefreshPlugins (1ms)
				BeforeProcessingInitializeOnLoad (68ms)
				ProcessInitializeOnLoadAttributes (153ms)
				ProcessInitializeOnLoadMethodAttributes (7ms)
				AfterProcessingInitializeOnLoad (2ms)
				EditorAssembliesLoaded (0ms)
			ExecutionOrderSort2 (0ms)
			AwakeInstancesAfterBackupRestoration (13ms)
Platform modules already initialized, skipping
Refreshing native plugins compatible for Editor in 0.59 ms, found 2 plugins.
Preloading 0 native plugins for Editor in 0.00 ms.
Unloading 2702 Unused Serialized files (Serialized files now loaded: 0)
System memory in use before: 127.2 MB.
System memory in use after: 127.5 MB.

Unloading 15 unused Assets to reduce memory usage. Loaded Objects now: 3460.
Total: 3.168400 ms (FindLiveObjects: 0.321800 ms CreateObjectMapping: 0.076900 ms MarkObjects: 2.752100 ms  DeleteObjects: 0.016200 ms)

AssetImportParameters requested are different than current active one (requested -> active):
  custom:framework-win-MediaFoundation: 216162199b28c13a410421893ffa2e32 -> 
  custom:video-decoder-ogg-theora: a1e56fd34408186e4bbccfd4996cb3dc -> 
  custom:container-muxer-webm: aa71ff27fc2769a1b78a27578f13a17b -> 
  custom:container-demuxer-webm: 4f35f7cbe854078d1ac9338744f61a02 -> 
  custom:container-demuxer-ogg: 62fdf1f143b41e24485cea50d1cbac27 -> 
  custom:video-encoder-webm-vp8: eb34c28f22e8b96e1ab97ce403110664 -> 
  custom:video-decoder-webm-vp8: 9c59270c3fd7afecdb556c50c9e8de78 -> 
  custom:audio-decoder-ogg-vorbis: bf7c407c2cedff20999df2af8eb42d56 -> 
  custom:audio-encoder-webm-vorbis: bf7c407c2cedff20999df2af8eb42d56 -> 
========================================================================
Received Import Request.
  Time since last request: 86.715139 seconds.
  path: Assets/prefabs/blimp.prefab
  artifactKey: Guid(5bf189729afa9a44e816b2ddb3b335be) Importer(815301076,1909f56bfc062723c751e8b465ee728b)
Start importing Assets/prefabs/blimp.prefab using Guid(5bf189729afa9a44e816b2ddb3b335be) Importer(815301076,1909f56bfc062723c751e8b465ee728b)  -> (artifact id: 'c1444ff7505581be8af538d9cd393980') in 0.134695 seconds 
  Import took 0.139201 seconds .

========================================================================
Received Import Request.
  Time since last request: 29.388737 seconds.
  path: Assets/prefabs/blimp.prefab
  artifactKey: Guid(5bf189729afa9a44e816b2ddb3b335be) Importer(815301076,1909f56bfc062723c751e8b465ee728b)
Start importing Assets/prefabs/blimp.prefab using Guid(5bf189729afa9a44e816b2ddb3b335be) Importer(815301076,1909f56bfc062723c751e8b465ee728b)  -> (artifact id: 'dd41b86a9407dfb94d580dbe750ae9c6') in 0.008102 seconds 
  Import took 0.012474 seconds .

========================================================================
Received Prepare
Registering precompiled user dll's ...
Registered in 0.003470 seconds.
Begin MonoManager ReloadAssembly
Native extension for WindowsStandalone target not found
Refreshing native plugins compatible for Editor in 0.55 ms, found 2 plugins.
Preloading 0 native plugins for Editor in 0.00 ms.
Mono: successfully reloaded assembly
- Completed reload, in  0.875 seconds
Domain Reload Profiling:
	ReloadAssembly (875ms)
		BeginReloadAssembly (114ms)
			ExecutionOrderSort (0ms)
			DisableScriptedObjects (6ms)
			BackupInstance (0ms)
			ReleaseScriptingObjects (0ms)
			CreateAndSetChildDomain (32ms)
		EndReloadAssembly (711ms)
			LoadAssemblies (86ms)
			RebuildTransferFunctionScriptingTraits (0ms)
			SetupTypeCache (252ms)
			ReleaseScriptCaches (1ms)
			RebuildScriptCaches (36ms)
			SetupLoadedEditorAssemblies (230ms)
				LogAssemblyErrors (0ms)
				InitializePlatformSupportModulesInManaged (3ms)
				SetLoadedEditorAssemblies (0ms)
				RefreshPlugins (1ms)
				BeforeProcessingInitializeOnLoad (65ms)
				ProcessInitializeOnLoadAttributes (151ms)
				ProcessInitializeOnLoadMethodAttributes (8ms)
				AfterProcessingInitializeOnLoad (2ms)
				EditorAssembliesLoaded (0ms)
			ExecutionOrderSort2 (0ms)
			AwakeInstancesAfterBackupRestoration (14ms)
Platform modules already initialized, skipping
Refreshing native plugins compatible for Editor in 0.56 ms, found 2 plugins.
Preloading 0 native plugins for Editor in 0.00 ms.
Unloading 2702 Unused Serialized files (Serialized files now loaded: 0)
System memory in use before: 127.3 MB.
System memory in use after: 127.6 MB.

Unloading 15 unused Assets to reduce memory usage. Loaded Objects now: 3498.
Total: 3.304000 ms (FindLiveObjects: 0.345100 ms CreateObjectMapping: 0.078100 ms MarkObjects: 2.862300 ms  DeleteObjects: 0.017000 ms)

AssetImportParameters requested are different than current active one (requested -> active):
  custom:framework-win-MediaFoundation: 216162199b28c13a410421893ffa2e32 -> 
  custom:video-decoder-ogg-theora: a1e56fd34408186e4bbccfd4996cb3dc -> 
  custom:container-muxer-webm: aa71ff27fc2769a1b78a27578f13a17b -> 
  custom:container-demuxer-webm: 4f35f7cbe854078d1ac9338744f61a02 -> 
  custom:container-demuxer-ogg: 62fdf1f143b41e24485cea50d1cbac27 -> 
  custom:video-encoder-webm-vp8: eb34c28f22e8b96e1ab97ce403110664 -> 
  custom:video-decoder-webm-vp8: 9c59270c3fd7afecdb556c50c9e8de78 -> 
  custom:audio-decoder-ogg-vorbis: bf7c407c2cedff20999df2af8eb42d56 -> 
  custom:audio-encoder-webm-vorbis: bf7c407c2cedff20999df2af8eb42d56 -> 
AssetImportWorkerClient::OnTransportError - code=2 error=End of file
